This is pdfTeX, Version 3.14159265-2.6-1.40.20 (MiKTeX 2.9.7140 64-bit) (preloaded format=pdflatex 2019.8.24)  17 DEC 2019 14:36
entering extended mode
**./02_Apis_twitter_apresentacao.tex
(02_Apis_twitter_apresentacao.tex
LaTeX2e <2018-12-01>
("C:\Program Files\MiKTeX 2.9\tex/latex/beamer\beamer.cls"
Document Class: beamer 2019/07/23 v3.56 A class for typesetting presentations
("C:\Program Files\MiKTeX 2.9\tex/latex/beamer\beamerbasemodes.sty" ("C:\Progra
m Files\MiKTeX 2.9\tex/latex/etoolbox\etoolbox.sty"
Package: etoolbox 2018/08/19 v2.5f e-TeX tools for LaTeX (JAW)
\etb@tempcnta=\count80
)
\beamer@tempbox=\box27
\beamer@tempcount=\count81
\c@beamerpauses=\count82
("C:\Program Files\MiKTeX 2.9\tex/latex/beamer\beamerbasedecode.sty"
\beamer@slideinframe=\count83
\beamer@minimum=\count84
\beamer@decode@box=\box28
)
\beamer@commentbox=\box29
\beamer@modecount=\count85
) ("C:\Program Files\MiKTeX 2.9\tex/generic/oberdiek\ifpdf.sty"
Package: ifpdf 2018/09/07 v3.3 Provides the ifpdf switch
)
\headdp=\dimen102
\footheight=\dimen103
\sidebarheight=\dimen104
\beamer@tempdim=\dimen105
\beamer@finalheight=\dimen106
\beamer@animht=\dimen107
\beamer@animdp=\dimen108
\beamer@animwd=\dimen109
\beamer@leftmargin=\dimen110
\beamer@rightmargin=\dimen111
\beamer@leftsidebar=\dimen112
\beamer@rightsidebar=\dimen113
\beamer@boxsize=\dimen114
\beamer@vboxoffset=\dimen115
\beamer@descdefault=\dimen116
\beamer@descriptionwidth=\dimen117
\beamer@lastskip=\skip41
\beamer@areabox=\box30
\beamer@animcurrent=\box31
\beamer@animshowbox=\box32
\beamer@sectionbox=\box33
\beamer@logobox=\box34
\beamer@linebox=\box35
\beamer@sectioncount=\count86
\beamer@subsubsectionmax=\count87
\beamer@subsectionmax=\count88
\beamer@sectionmax=\count89
\beamer@totalheads=\count90
\beamer@headcounter=\count91
\beamer@partstartpage=\count92
\beamer@sectionstartpage=\count93
\beamer@subsectionstartpage=\count94
\beamer@animationtempa=\count95
\beamer@animationtempb=\count96
\beamer@xpos=\count97
\beamer@ypos=\count98
\beamer@ypos@offset=\count99
\beamer@showpartnumber=\count100
\beamer@currentsubsection=\count101
\beamer@coveringdepth=\count102
\beamer@sectionadjust=\count103
\beamer@tocsectionnumber=\count104
("C:\Program Files\MiKTeX 2.9\tex/latex/beamer\beamerbaseoptions.sty" ("C:\Prog
ram Files\MiKTeX 2.9\tex/latex/graphics\keyval.sty"
Package: keyval 2014/10/28 v1.15 key=value parser (DPC)
\KV@toks@=\toks14
))
\beamer@paperwidth=\skip42
\beamer@paperheight=\skip43
("C:\Program Files\MiKTeX 2.9\tex/latex/geometry\geometry.sty"
Package: geometry 2018/04/16 v5.8 Page Geometry
("C:\Program Files\MiKTeX 2.9\tex/generic/oberdiek\ifvtex.sty"
Package: ifvtex 2016/05/16 v1.6 Detect VTeX and its facilities (HO)
Package ifvtex Info: VTeX not detected.
) ("C:\Program Files\MiKTeX 2.9\tex/generic/ifxetex\ifxetex.sty"
Package: ifxetex 2010/09/12 v0.6 Provides ifxetex conditional
)
\Gm@cnth=\count105
\Gm@cntv=\count106
\c@Gm@tempcnt=\count107
\Gm@bindingoffset=\dimen118
\Gm@wd@mp=\dimen119
\Gm@odd@mp=\dimen120
\Gm@even@mp=\dimen121
\Gm@layoutwidth=\dimen122
\Gm@layoutheight=\dimen123
\Gm@layouthoffset=\dimen124
\Gm@layoutvoffset=\dimen125
\Gm@dimlist=\toks15
("C:\Program Files\MiKTeX 2.9\tex/latex/geometry\geometry.cfg")) ("C:\Program F
iles\MiKTeX 2.9\tex/latex/base\size10.clo"
File: size10.clo 2018/09/03 v1.4i Standard LaTeX file (size option)
) ("C:\Program Files\MiKTeX 2.9\tex/latex/pgf/basiclayer\pgfcore.sty" ("C:\Prog
ram Files\MiKTeX 2.9\tex/latex/graphics\graphicx.sty"
Package: graphicx 2017/06/01 v1.1a Enhanced LaTeX Graphics (DPC,SPQR)
("C:\Program Files\MiKTeX 2.9\tex/latex/graphics\graphics.sty"
Package: graphics 2017/06/25 v1.2c Standard LaTeX Graphics (DPC,SPQR)
("C:\Program Files\MiKTeX 2.9\tex/latex/graphics\trig.sty"
Package: trig 2016/01/03 v1.10 sin cos tan (DPC)
) ("C:\Program Files\MiKTeX 2.9\tex/latex/graphics-cfg\graphics.cfg"
File: graphics.cfg 2016/06/04 v1.11 sample graphics configuration
)
Package graphics Info: Driver file: pdftex.def on input line 99.
("C:\Program Files\MiKTeX 2.9\tex/latex/graphics-def\pdftex.def"
File: pdftex.def 2018/01/08 v1.0l Graphics/color driver for pdftex
))
\Gin@req@height=\dimen126
\Gin@req@width=\dimen127
) ("C:\Program Files\MiKTeX 2.9\tex/latex/pgf/systemlayer\pgfsys.sty" ("C:\Prog
ram Files\MiKTeX 2.9\tex/latex/pgf/utilities\pgfrcs.sty" ("C:\Program Files\MiK
TeX 2.9\tex/generic/pgf/utilities\pgfutil-common.tex"
\pgfutil@everybye=\toks16
\pgfutil@tempdima=\dimen128
\pgfutil@tempdimb=\dimen129

("C:\Program Files\MiKTeX 2.9\tex/generic/pgf/utilities\pgfutil-common-lists.te
x")) ("C:\Program Files\MiKTeX 2.9\tex/generic/pgf/utilities\pgfutil-latex.def"
\pgfutil@abb=\box36
("C:\Program Files\MiKTeX 2.9\tex/latex/ms\everyshi.sty"
Package: everyshi 2001/05/15 v3.00 EveryShipout Package (MS)
)) ("C:\Program Files\MiKTeX 2.9\tex/generic/pgf/utilities\pgfrcs.code.tex" ("C
:\Program Files\MiKTeX 2.9\tex/generic/pgf\pgf.revision.tex")
Package: pgfrcs 2019/08/03 v3.1.4b (3.1.4b)
)) ("C:\Program Files\MiKTeX 2.9\tex/generic/pgf/systemlayer\pgfsys.code.tex"
Package: pgfsys 2019/08/03 v3.1.4b (3.1.4b)
("C:\Program Files\MiKTeX 2.9\tex/generic/pgf/utilities\pgfkeys.code.tex"
\pgfkeys@pathtoks=\toks17
\pgfkeys@temptoks=\toks18

("C:\Program Files\MiKTeX 2.9\tex/generic/pgf/utilities\pgfkeysfiltered.code.te
x"
\pgfkeys@tmptoks=\toks19
))
\pgf@x=\dimen130
\pgf@y=\dimen131
\pgf@xa=\dimen132
\pgf@ya=\dimen133
\pgf@xb=\dimen134
\pgf@yb=\dimen135
\pgf@xc=\dimen136
\pgf@yc=\dimen137
\pgf@xd=\dimen138
\pgf@yd=\dimen139
\w@pgf@writea=\write3
\r@pgf@reada=\read1
\c@pgf@counta=\count108
\c@pgf@countb=\count109
\c@pgf@countc=\count110
\c@pgf@countd=\count111
\t@pgf@toka=\toks20
\t@pgf@tokb=\toks21
\t@pgf@tokc=\toks22
\pgf@sys@id@count=\count112
("C:\Program Files\MiKTeX 2.9\tex/generic/pgf/systemlayer\pgf.cfg"
File: pgf.cfg 2019/08/03 v3.1.4b (3.1.4b)
)
Driver file for pgf: pgfsys-pdftex.def
("C:\Program Files\MiKTeX 2.9\tex/generic/pgf/systemlayer\pgfsys-pdftex.def"
File: pgfsys-pdftex.def 2019/08/03 v3.1.4b (3.1.4b)
("C:\Program Files\MiKTeX 2.9\tex/generic/pgf/systemlayer\pgfsys-common-pdf.def
"
File: pgfsys-common-pdf.def 2019/08/03 v3.1.4b (3.1.4b)
)))
("C:\Program Files\MiKTeX 2.9\tex/generic/pgf/systemlayer\pgfsyssoftpath.code.t
ex"
File: pgfsyssoftpath.code.tex 2019/08/03 v3.1.4b (3.1.4b)
\pgfsyssoftpath@smallbuffer@items=\count113
\pgfsyssoftpath@bigbuffer@items=\count114
)
("C:\Program Files\MiKTeX 2.9\tex/generic/pgf/systemlayer\pgfsysprotocol.code.t
ex"
File: pgfsysprotocol.code.tex 2019/08/03 v3.1.4b (3.1.4b)
)) ("C:\Program Files\MiKTeX 2.9\tex/latex/xcolor\xcolor.sty"
Package: xcolor 2016/05/11 v2.12 LaTeX color extensions (UK)
("C:\Program Files\MiKTeX 2.9\tex/latex/graphics-cfg\color.cfg"
File: color.cfg 2016/01/02 v1.6 sample color configuration
)
Package xcolor Info: Driver file: pdftex.def on input line 225.
Package xcolor Info: Model `cmy' substituted by `cmy0' on input line 1348.
Package xcolor Info: Model `hsb' substituted by `rgb' on input line 1352.
Package xcolor Info: Model `RGB' extended on input line 1364.
Package xcolor Info: Model `HTML' substituted by `rgb' on input line 1366.
Package xcolor Info: Model `Hsb' substituted by `hsb' on input line 1367.
Package xcolor Info: Model `tHsb' substituted by `hsb' on input line 1368.
Package xcolor Info: Model `HSB' substituted by `hsb' on input line 1369.
Package xcolor Info: Model `Gray' substituted by `gray' on input line 1370.
Package xcolor Info: Model `wave' substituted by `hsb' on input line 1371.
) ("C:\Program Files\MiKTeX 2.9\tex/generic/pgf/basiclayer\pgfcore.code.tex"
Package: pgfcore 2019/08/03 v3.1.4b (3.1.4b)
("C:\Program Files\MiKTeX 2.9\tex/generic/pgf/math\pgfmath.code.tex" ("C:\Progr
am Files\MiKTeX 2.9\tex/generic/pgf/math\pgfmathcalc.code.tex" ("C:\Program Fil
es\MiKTeX 2.9\tex/generic/pgf/math\pgfmathutil.code.tex") ("C:\Program Files\Mi
KTeX 2.9\tex/generic/pgf/math\pgfmathparser.code.tex"
\pgfmath@dimen=\dimen140
\pgfmath@count=\count115
\pgfmath@box=\box37
\pgfmath@toks=\toks23
\pgfmath@stack@operand=\toks24
\pgfmath@stack@operation=\toks25
) ("C:\Program Files\MiKTeX 2.9\tex/generic/pgf/math\pgfmathfunctions.code.tex"

("C:\Program Files\MiKTeX 2.9\tex/generic/pgf/math\pgfmathfunctions.basic.code.
tex")
("C:\Program Files\MiKTeX 2.9\tex/generic/pgf/math\pgfmathfunctions.trigonometr
ic.code.tex")
("C:\Program Files\MiKTeX 2.9\tex/generic/pgf/math\pgfmathfunctions.random.code
.tex")
("C:\Program Files\MiKTeX 2.9\tex/generic/pgf/math\pgfmathfunctions.comparison.
code.tex")
("C:\Program Files\MiKTeX 2.9\tex/generic/pgf/math\pgfmathfunctions.base.code.t
ex")
("C:\Program Files\MiKTeX 2.9\tex/generic/pgf/math\pgfmathfunctions.round.code.
tex")
("C:\Program Files\MiKTeX 2.9\tex/generic/pgf/math\pgfmathfunctions.misc.code.t
ex")
("C:\Program Files\MiKTeX 2.9\tex/generic/pgf/math\pgfmathfunctions.integerarit
hmetics.code.tex"))) ("C:\Program Files\MiKTeX 2.9\tex/generic/pgf/math\pgfmath
float.code.tex"
\c@pgfmathroundto@lastzeros=\count116
)) ("C:\Program Files\MiKTeX 2.9\tex/generic/pgf/math\pgfint.code.tex") ("C:\Pr
ogram Files\MiKTeX 2.9\tex/generic/pgf/basiclayer\pgfcorepoints.code.tex"
File: pgfcorepoints.code.tex 2019/08/03 v3.1.4b (3.1.4b)
\pgf@picminx=\dimen141
\pgf@picmaxx=\dimen142
\pgf@picminy=\dimen143
\pgf@picmaxy=\dimen144
\pgf@pathminx=\dimen145
\pgf@pathmaxx=\dimen146
\pgf@pathminy=\dimen147
\pgf@pathmaxy=\dimen148
\pgf@xx=\dimen149
\pgf@xy=\dimen150
\pgf@yx=\dimen151
\pgf@yy=\dimen152
\pgf@zx=\dimen153
\pgf@zy=\dimen154
)
("C:\Program Files\MiKTeX 2.9\tex/generic/pgf/basiclayer\pgfcorepathconstruct.c
ode.tex"
File: pgfcorepathconstruct.code.tex 2019/08/03 v3.1.4b (3.1.4b)
\pgf@path@lastx=\dimen155
\pgf@path@lasty=\dimen156
)
("C:\Program Files\MiKTeX 2.9\tex/generic/pgf/basiclayer\pgfcorepathusage.code.
tex"
File: pgfcorepathusage.code.tex 2019/08/03 v3.1.4b (3.1.4b)
\pgf@shorten@end@additional=\dimen157
\pgf@shorten@start@additional=\dimen158
) ("C:\Program Files\MiKTeX 2.9\tex/generic/pgf/basiclayer\pgfcorescopes.code.t
ex"
File: pgfcorescopes.code.tex 2019/08/03 v3.1.4b (3.1.4b)
\pgfpic=\box38
\pgf@hbox=\box39
\pgf@layerbox@main=\box40
\pgf@picture@serial@count=\count117
)
("C:\Program Files\MiKTeX 2.9\tex/generic/pgf/basiclayer\pgfcoregraphicstate.co
de.tex"
File: pgfcoregraphicstate.code.tex 2019/08/03 v3.1.4b (3.1.4b)
\pgflinewidth=\dimen159
)
("C:\Program Files\MiKTeX 2.9\tex/generic/pgf/basiclayer\pgfcoretransformations
.code.tex"
File: pgfcoretransformations.code.tex 2019/08/03 v3.1.4b (3.1.4b)
\pgf@pt@x=\dimen160
\pgf@pt@y=\dimen161
\pgf@pt@temp=\dimen162
) ("C:\Program Files\MiKTeX 2.9\tex/generic/pgf/basiclayer\pgfcorequick.code.te
x"
File: pgfcorequick.code.tex 2019/08/03 v3.1.4b (3.1.4b)
)
("C:\Program Files\MiKTeX 2.9\tex/generic/pgf/basiclayer\pgfcoreobjects.code.te
x"
File: pgfcoreobjects.code.tex 2019/08/03 v3.1.4b (3.1.4b)
)
("C:\Program Files\MiKTeX 2.9\tex/generic/pgf/basiclayer\pgfcorepathprocessing.
code.tex"
File: pgfcorepathprocessing.code.tex 2019/08/03 v3.1.4b (3.1.4b)
) ("C:\Program Files\MiKTeX 2.9\tex/generic/pgf/basiclayer\pgfcorearrows.code.t
ex"
File: pgfcorearrows.code.tex 2019/08/03 v3.1.4b (3.1.4b)
\pgfarrowsep=\dimen163
) ("C:\Program Files\MiKTeX 2.9\tex/generic/pgf/basiclayer\pgfcoreshade.code.te
x"
File: pgfcoreshade.code.tex 2019/08/03 v3.1.4b (3.1.4b)
\pgf@max=\dimen164
\pgf@sys@shading@range@num=\count118
\pgf@shadingcount=\count119
) ("C:\Program Files\MiKTeX 2.9\tex/generic/pgf/basiclayer\pgfcoreimage.code.te
x"
File: pgfcoreimage.code.tex 2019/08/03 v3.1.4b (3.1.4b)

("C:\Program Files\MiKTeX 2.9\tex/generic/pgf/basiclayer\pgfcoreexternal.code.t
ex"
File: pgfcoreexternal.code.tex 2019/08/03 v3.1.4b (3.1.4b)
\pgfexternal@startupbox=\box41
)) ("C:\Program Files\MiKTeX 2.9\tex/generic/pgf/basiclayer\pgfcorelayers.code.
tex"
File: pgfcorelayers.code.tex 2019/08/03 v3.1.4b (3.1.4b)
)
("C:\Program Files\MiKTeX 2.9\tex/generic/pgf/basiclayer\pgfcoretransparency.co
de.tex"
File: pgfcoretransparency.code.tex 2019/08/03 v3.1.4b (3.1.4b)
)
("C:\Program Files\MiKTeX 2.9\tex/generic/pgf/basiclayer\pgfcorepatterns.code.t
ex"
File: pgfcorepatterns.code.tex 2019/08/03 v3.1.4b (3.1.4b)
) ("C:\Program Files\MiKTeX 2.9\tex/generic/pgf/basiclayer\pgfcorerdf.code.tex"
File: pgfcorerdf.code.tex 2019/08/03 v3.1.4b (3.1.4b)
))) ("C:\Program Files\MiKTeX 2.9\tex/latex/pgf/utilities\xxcolor.sty"
Package: xxcolor 2003/10/24 ver 0.1
\XC@nummixins=\count120
\XC@countmixins=\count121
) ("C:\Program Files\MiKTeX 2.9\tex/generic/oberdiek\atbegshi.sty"
Package: atbegshi 2016/06/09 v1.18 At begin shipout hook (HO)
("C:\Program Files\MiKTeX 2.9\tex/generic/oberdiek\infwarerr.sty"
Package: infwarerr 2016/05/16 v1.4 Providing info/warning/error messages (HO)
) ("C:\Program Files\MiKTeX 2.9\tex/generic/oberdiek\ltxcmds.sty"
Package: ltxcmds 2016/05/16 v1.23 LaTeX kernel commands for general use (HO)
)) ("C:\Program Files\MiKTeX 2.9\tex/latex/hyperref\hyperref.sty"
Package: hyperref 2019/06/12 v6.88h Hypertext links for LaTeX
("C:\Program Files\MiKTeX 2.9\tex/generic/oberdiek\hobsub-hyperref.sty"
Package: hobsub-hyperref 2016/05/16 v1.14 Bundle oberdiek, subset hyperref (HO)

("C:\Program Files\MiKTeX 2.9\tex/generic/oberdiek\hobsub-generic.sty"
Package: hobsub-generic 2016/05/16 v1.14 Bundle oberdiek, subset generic (HO)
Package: hobsub 2016/05/16 v1.14 Construct package bundles (HO)
Package hobsub Info: Skipping package `infwarerr' (already loaded).
Package hobsub Info: Skipping package `ltxcmds' (already loaded).
Package: ifluatex 2016/05/16 v1.4 Provides the ifluatex switch (HO)
Package ifluatex Info: LuaTeX not detected.
Package hobsub Info: Skipping package `ifvtex' (already loaded).
Package: intcalc 2016/05/16 v1.2 Expandable calculations with integers (HO)
Package hobsub Info: Skipping package `ifpdf' (already loaded).
Package: etexcmds 2016/05/16 v1.6 Avoid name clashes with e-TeX commands (HO)
Package: kvsetkeys 2016/05/16 v1.17 Key value parser (HO)
Package: kvdefinekeys 2016/05/16 v1.4 Define keys (HO)
Package: pdftexcmds 2019/07/25 v0.30 Utility functions of pdfTeX for LuaTeX (HO
)
Package pdftexcmds Info: LuaTeX not detected.
Package pdftexcmds Info: \pdf@primitive is available.
Package pdftexcmds Info: \pdf@ifprimitive is available.
Package pdftexcmds Info: \pdfdraftmode found.
Package: pdfescape 2016/05/16 v1.14 Implements pdfTeX's escape features (HO)
Package: bigintcalc 2016/05/16 v1.4 Expandable calculations on big integers (HO
)
Package: bitset 2016/05/16 v1.2 Handle bit-vector datatype (HO)
Package: uniquecounter 2016/05/16 v1.3 Provide unlimited unique counter (HO)
)
Package hobsub Info: Skipping package `hobsub' (already loaded).
Package: letltxmacro 2016/05/16 v1.5 Let assignment for LaTeX macros (HO)
Package: hopatch 2016/05/16 v1.3 Wrapper for package hooks (HO)
Package: xcolor-patch 2016/05/16 xcolor patch
Package: atveryend 2016/05/16 v1.9 Hooks at the very end of document (HO)
Package hobsub Info: Skipping package `atbegshi' (already loaded).
Package: refcount 2016/05/16 v3.5 Data extraction from label references (HO)
Package: hycolor 2016/05/16 v1.8 Color options for hyperref/bookmark (HO)
) ("C:\Program Files\MiKTeX 2.9\tex/latex/oberdiek\auxhook.sty"
Package: auxhook 2016/05/16 v1.4 Hooks for auxiliary files (HO)
) ("C:\Program Files\MiKTeX 2.9\tex/latex/oberdiek\kvoptions.sty"
Package: kvoptions 2016/05/16 v3.12 Key value format for package options (HO)
)
\@linkdim=\dimen165
\Hy@linkcounter=\count122
\Hy@pagecounter=\count123
("C:\Program Files\MiKTeX 2.9\tex/latex/hyperref\pd1enc.def"
File: pd1enc.def 2019/06/12 v6.88h Hyperref: PDFDocEncoding definition (HO)
Now handling font encoding PD1 ...
... no UTF-8 mapping file for font encoding PD1
)
\Hy@SavedSpaceFactor=\count124
("C:\Program Files\MiKTeX 2.9\tex/latex/00miktex\hyperref.cfg"
File: hyperref.cfg 2002/06/06 v1.2 hyperref configuration of TeXLive
)
Package hyperref Info: Option `unicode' set `true' on input line 4424.
("C:\Program Files\MiKTeX 2.9\tex/latex/hyperref\puenc.def"
File: puenc.def 2019/06/12 v6.88h Hyperref: PDF Unicode definition (HO)
Now handling font encoding PU ...
... no UTF-8 mapping file for font encoding PU
)
Package hyperref Info: Option `bookmarks' set `true' on input line 4424.
Package hyperref Info: Option `bookmarksopen' set `true' on input line 4424.
Package hyperref Info: Option `implicit' set `false' on input line 4424.
Package hyperref Info: Hyper figures OFF on input line 4550.
Package hyperref Info: Link nesting OFF on input line 4555.
Package hyperref Info: Hyper index ON on input line 4558.
Package hyperref Info: Plain pages OFF on input line 4565.
Package hyperref Info: Backreferencing OFF on input line 4570.
Package hyperref Info: Implicit mode OFF; no redefinition of LaTeX internals.
Package hyperref Info: Bookmarks ON on input line 4803.
\c@Hy@tempcnt=\count125
("C:\Program Files\MiKTeX 2.9\tex/latex/url\url.sty"
\Urlmuskip=\muskip10
Package: url 2013/09/16  ver 3.4  Verb mode for urls, etc.
)
LaTeX Info: Redefining \url on input line 5156.
\XeTeXLinkMargin=\dimen166
\Fld@menulength=\count126
\Field@Width=\dimen167
\Fld@charsize=\dimen168
Package hyperref Info: Hyper figures OFF on input line 6411.
Package hyperref Info: Link nesting OFF on input line 6416.
Package hyperref Info: Hyper index ON on input line 6419.
Package hyperref Info: backreferencing OFF on input line 6426.
Package hyperref Info: Link coloring OFF on input line 6431.
Package hyperref Info: Link coloring with OCG OFF on input line 6436.
Package hyperref Info: PDF/A mode OFF on input line 6441.
LaTeX Info: Redefining \ref on input line 6481.
LaTeX Info: Redefining \pageref on input line 6485.
\Hy@abspage=\count127

Package hyperref Message: Stopped early.

)
Package hyperref Info: Driver (autodetected): hpdftex.
("C:\Program Files\MiKTeX 2.9\tex/latex/hyperref\hpdftex.def"
File: hpdftex.def 2019/06/12 v6.88h Hyperref driver for pdfTeX
\Fld@listcount=\count128
\c@bookmark@seq@number=\count129
("C:\Program Files\MiKTeX 2.9\tex/latex/oberdiek\rerunfilecheck.sty"
Package: rerunfilecheck 2016/05/16 v1.8 Rerun checks for auxiliary files (HO)
Package uniquecounter Info: New unique counter `rerunfilecheck' on input line 2
82.
)) ("C:\Program Files\MiKTeX 2.9\tex/latex/beamer\beamerbaserequires.sty" ("C:\
Program Files\MiKTeX 2.9\tex/latex/beamer\beamerbasecompatibility.sty") ("C:\Pr
ogram Files\MiKTeX 2.9\tex/latex/beamer\beamerbasefont.sty" ("C:\Program Files\
MiKTeX 2.9\tex/latex/amsfonts\amssymb.sty"
Package: amssymb 2013/01/14 v3.01 AMS font symbols
("C:\Program Files\MiKTeX 2.9\tex/latex/amsfonts\amsfonts.sty"
Package: amsfonts 2013/01/14 v3.01 Basic AMSFonts support
\@emptytoks=\toks26
\symAMSa=\mathgroup4
\symAMSb=\mathgroup5
LaTeX Font Info:    Overwriting math alphabet `\mathfrak' in version `bold'
(Font)                  U/euf/m/n --> U/euf/b/n on input line 106.
)) ("C:\Program Files\MiKTeX 2.9\tex/latex/sansmathaccent\sansmathaccent.sty"
Package: sansmathaccent 2013/03/28
("C:\Program Files\MiKTeX 2.9\tex/latex/filehook\filehook.sty"
Package: filehook 2019/10/03 v0.6 Hooks for input files
))) ("C:\Program Files\MiKTeX 2.9\tex/latex/beamer\beamerbasetranslator.sty" ("
C:\Program Files\MiKTeX 2.9\tex/latex/translator\translator.sty"
Package: translator 2019-05-31 v1.12a Easy translation of strings in LaTeX
)) ("C:\Program Files\MiKTeX 2.9\tex/latex/beamer\beamerbasemisc.sty") ("C:\Pro
gram Files\MiKTeX 2.9\tex/latex/beamer\beamerbasetwoscreens.sty") ("C:\Program 
Files\MiKTeX 2.9\tex/latex/beamer\beamerbaseoverlay.sty"
\beamer@argscount=\count130
\beamer@lastskipcover=\skip44
\beamer@trivlistdepth=\count131
) ("C:\Program Files\MiKTeX 2.9\tex/latex/beamer\beamerbasetitle.sty") ("C:\Pro
gram Files\MiKTeX 2.9\tex/latex/beamer\beamerbasesection.sty"
\c@lecture=\count132
\c@part=\count133
\c@section=\count134
\c@subsection=\count135
\c@subsubsection=\count136
) ("C:\Program Files\MiKTeX 2.9\tex/latex/beamer\beamerbaseframe.sty"
\beamer@framebox=\box42
\beamer@frametitlebox=\box43
\beamer@zoombox=\box44
\beamer@zoomcount=\count137
\beamer@zoomframecount=\count138
\beamer@frametextheight=\dimen169
\c@subsectionslide=\count139
\beamer@frametopskip=\skip45
\beamer@framebottomskip=\skip46
\beamer@frametopskipautobreak=\skip47
\beamer@framebottomskipautobreak=\skip48
\beamer@envbody=\toks27
\framewidth=\dimen170
\c@framenumber=\count140
) ("C:\Program Files\MiKTeX 2.9\tex/latex/beamer\beamerbaseverbatim.sty"
\beamer@verbatimfileout=\write4
) ("C:\Program Files\MiKTeX 2.9\tex/latex/beamer\beamerbaseframesize.sty"
\beamer@splitbox=\box45
\beamer@autobreakcount=\count141
\beamer@autobreaklastheight=\dimen171
\beamer@frametitletoks=\toks28
\beamer@framesubtitletoks=\toks29
) ("C:\Program Files\MiKTeX 2.9\tex/latex/beamer\beamerbaseframecomponents.sty"
\beamer@footins=\box46
) ("C:\Program Files\MiKTeX 2.9\tex/latex/beamer\beamerbasecolor.sty") ("C:\Pro
gram Files\MiKTeX 2.9\tex/latex/beamer\beamerbasenotes.sty"
\beamer@frameboxcopy=\box47
) ("C:\Program Files\MiKTeX 2.9\tex/latex/beamer\beamerbasetoc.sty") ("C:\Progr
am Files\MiKTeX 2.9\tex/latex/beamer\beamerbasetemplates.sty"
\beamer@sbttoks=\toks30
("C:\Program Files\MiKTeX 2.9\tex/latex/beamer\beamerbaseauxtemplates.sty" ("C:
\Program Files\MiKTeX 2.9\tex/latex/beamer\beamerbaseboxes.sty"
\bmb@box=\box48
\bmb@colorbox=\box49
\bmb@boxshadow=\box50
\bmb@boxshadowball=\box51
\bmb@boxshadowballlarge=\box52
\bmb@temp=\dimen172
\bmb@dima=\dimen173
\bmb@dimb=\dimen174
\bmb@prevheight=\dimen175
)
\beamer@blockheadheight=\dimen176
)) ("C:\Program Files\MiKTeX 2.9\tex/latex/beamer\beamerbaselocalstructure.sty"
("C:\Program Files\MiKTeX 2.9\tex/latex/tools\enumerate.sty"
Package: enumerate 2015/07/23 v3.00 enumerate extensions (DPC)
\@enLab=\toks31
)
\c@figure=\count142
\c@table=\count143
\abovecaptionskip=\skip49
\belowcaptionskip=\skip50
) ("C:\Program Files\MiKTeX 2.9\tex/latex/beamer\beamerbasenavigation.sty"
\beamer@section@min@dim=\dimen177
) ("C:\Program Files\MiKTeX 2.9\tex/latex/beamer\beamerbasetheorems.sty" ("C:\P
rogram Files\MiKTeX 2.9\tex/latex/amsmath\amsmath.sty"
Package: amsmath 2018/12/01 v2.17b AMS math features
\@mathmargin=\skip51
For additional information on amsmath, use the `?' option.
("C:\Program Files\MiKTeX 2.9\tex/latex/amsmath\amstext.sty"
Package: amstext 2000/06/29 v2.01 AMS text
("C:\Program Files\MiKTeX 2.9\tex/latex/amsmath\amsgen.sty"
File: amsgen.sty 1999/11/30 v2.0 generic functions
\@emptytoks=\toks32
\ex@=\dimen178
)) ("C:\Program Files\MiKTeX 2.9\tex/latex/amsmath\amsbsy.sty"
Package: amsbsy 1999/11/29 v1.2d Bold Symbols
\pmbraise@=\dimen179
) ("C:\Program Files\MiKTeX 2.9\tex/latex/amsmath\amsopn.sty"
Package: amsopn 2016/03/08 v2.02 operator names
)
\inf@bad=\count144
LaTeX Info: Redefining \frac on input line 223.
\uproot@=\count145
\leftroot@=\count146
LaTeX Info: Redefining \overline on input line 385.
\classnum@=\count147
\DOTSCASE@=\count148
LaTeX Info: Redefining \ldots on input line 482.
LaTeX Info: Redefining \dots on input line 485.
LaTeX Info: Redefining \cdots on input line 606.
\Mathstrutbox@=\box53
\strutbox@=\box54
\big@size=\dimen180
LaTeX Font Info:    Redeclaring font encoding OML on input line 729.
LaTeX Font Info:    Redeclaring font encoding OMS on input line 730.
\macc@depth=\count149
\c@MaxMatrixCols=\count150
\dotsspace@=\muskip11
\c@parentequation=\count151
\dspbrk@lvl=\count152
\tag@help=\toks33
\row@=\count153
\column@=\count154
\maxfields@=\count155
\andhelp@=\toks34
\eqnshift@=\dimen181
\alignsep@=\dimen182
\tagshift@=\dimen183
\tagwidth@=\dimen184
\totwidth@=\dimen185
\lineht@=\dimen186
\@envbody=\toks35
\multlinegap=\skip52
\multlinetaggap=\skip53
\mathdisplay@stack=\toks36
LaTeX Info: Redefining \[ on input line 2844.
LaTeX Info: Redefining \] on input line 2845.
) ("C:\Program Files\MiKTeX 2.9\tex/latex/amscls\amsthm.sty"
Package: amsthm 2017/10/31 v2.20.4
\thm@style=\toks37
\thm@bodyfont=\toks38
\thm@headfont=\toks39
\thm@notefont=\toks40
\thm@headpunct=\toks41
\thm@preskip=\skip54
\thm@postskip=\skip55
\thm@headsep=\skip56
\dth@everypar=\toks42
)
\c@theorem=\count156
) ("C:\Program Files\MiKTeX 2.9\tex/latex/beamer\beamerbasethemes.sty")) ("C:\P
rogram Files\MiKTeX 2.9\tex/latex/beamer\beamerthemedefault.sty" ("C:\Program F
iles\MiKTeX 2.9\tex/latex/beamer\beamerfontthemedefault.sty") ("C:\Program File
s\MiKTeX 2.9\tex/latex/beamer\beamercolorthemedefault.sty") ("C:\Program Files\
MiKTeX 2.9\tex/latex/beamer\beamerinnerthemedefault.sty"
\beamer@dima=\dimen187
\beamer@dimb=\dimen188
) ("C:\Program Files\MiKTeX 2.9\tex/latex/beamer\beamerouterthemedefault.sty"))
) ("C:\Program Files\MiKTeX 2.9\tex/latex/pgf/utilities\pgfpages.sty"
Package: pgfpages 2011/01/05 ver 0.02
("C:\Program Files\MiKTeX 2.9\tex/latex/tools\calc.sty"
Package: calc 2017/05/25 v4.3 Infix arithmetic (KKT,FJ)
\calc@Acount=\count157
\calc@Bcount=\count158
\calc@Adimen=\dimen189
\calc@Bdimen=\dimen190
\calc@Askip=\skip57
\calc@Bskip=\skip58
LaTeX Info: Redefining \setlength on input line 80.
LaTeX Info: Redefining \addtolength on input line 81.
\calc@Ccount=\count159
\calc@Cskip=\skip59
)
\pgf@logicalpages=\count160
\pgf@firstshipout=\count161
\pgf@lastshipout=\count162
\pgf@currentshipout=\count163
\pgf@cpn=\count164
\pgf@shipoutnextto=\count165
\pgfphysicalheight=\dimen191
\pgfphysicalwidth=\dimen192
\pgfpages@shipoutbox=\box55
) ("C:\Program Files\MiKTeX 2.9\tex/latex/lm\lmodern.sty"
Package: lmodern 2009/10/30 v1.6 Latin Modern Fonts
LaTeX Font Info:    Overwriting symbol font `operators' in version `normal'
(Font)                  OT1/cmr/m/n --> OT1/lmr/m/n on input line 22.
LaTeX Font Info:    Overwriting symbol font `letters' in version `normal'
(Font)                  OML/cmm/m/it --> OML/lmm/m/it on input line 23.
LaTeX Font Info:    Overwriting symbol font `symbols' in version `normal'
(Font)                  OMS/cmsy/m/n --> OMS/lmsy/m/n on input line 24.
LaTeX Font Info:    Overwriting symbol font `largesymbols' in version `normal'
(Font)                  OMX/cmex/m/n --> OMX/lmex/m/n on input line 25.
LaTeX Font Info:    Overwriting symbol font `operators' in version `bold'
(Font)                  OT1/cmr/bx/n --> OT1/lmr/bx/n on input line 26.
LaTeX Font Info:    Overwriting symbol font `letters' in version `bold'
(Font)                  OML/cmm/b/it --> OML/lmm/b/it on input line 27.
LaTeX Font Info:    Overwriting symbol font `symbols' in version `bold'
(Font)                  OMS/cmsy/b/n --> OMS/lmsy/b/n on input line 28.
LaTeX Font Info:    Overwriting symbol font `largesymbols' in version `bold'
(Font)                  OMX/cmex/m/n --> OMX/lmex/m/n on input line 29.
LaTeX Font Info:    Overwriting math alphabet `\mathbf' in version `normal'
(Font)                  OT1/cmr/bx/n --> OT1/lmr/bx/n on input line 31.
LaTeX Font Info:    Overwriting math alphabet `\mathsf' in version `normal'
(Font)                  OT1/cmss/m/n --> OT1/lmss/m/n on input line 32.
LaTeX Font Info:    Overwriting math alphabet `\mathit' in version `normal'
(Font)                  OT1/cmr/m/it --> OT1/lmr/m/it on input line 33.
LaTeX Font Info:    Overwriting math alphabet `\mathtt' in version `normal'
(Font)                  OT1/cmtt/m/n --> OT1/lmtt/m/n on input line 34.
LaTeX Font Info:    Overwriting math alphabet `\mathbf' in version `bold'
(Font)                  OT1/cmr/bx/n --> OT1/lmr/bx/n on input line 35.
LaTeX Font Info:    Overwriting math alphabet `\mathsf' in version `bold'
(Font)                  OT1/cmss/bx/n --> OT1/lmss/bx/n on input line 36.
LaTeX Font Info:    Overwriting math alphabet `\mathit' in version `bold'
(Font)                  OT1/cmr/bx/it --> OT1/lmr/bx/it on input line 37.
LaTeX Font Info:    Overwriting math alphabet `\mathtt' in version `bold'
(Font)                  OT1/cmtt/m/n --> OT1/lmtt/m/n on input line 38.
) ("C:\Program Files\MiKTeX 2.9\tex/latex/base\fixltx2e.sty"
Package: fixltx2e 2016/12/29 v2.1a fixes to LaTeX (obsolete)
Applying: [2015/01/01] Old fixltx2e package on input line 46.

Package fixltx2e Warning: fixltx2e is not required with releases after 2015
(fixltx2e)                All fixes are now in the LaTeX kernel.
(fixltx2e)                See the latexrelease package for details.

Already applied: [0000/00/00] Old fixltx2e package on input line 53.
) ("C:\Program Files\MiKTeX 2.9\tex/latex/base\fontenc.sty"
Package: fontenc 2018/08/11 v2.0j Standard LaTeX package
("C:\Program Files\MiKTeX 2.9\tex/latex/base\t1enc.def"
File: t1enc.def 2018/08/11 v2.0j Standard LaTeX file
LaTeX Font Info:    Redeclaring font encoding T1 on input line 48.
)) ("C:\Program Files\MiKTeX 2.9\tex/latex/base\inputenc.sty"
Package: inputenc 2018/08/11 v1.3c Input encoding file
\inpenc@prehook=\toks43
\inpenc@posthook=\toks44
) ("C:\Program Files\MiKTeX 2.9\tex/latex/base\textcomp.sty"
Package: textcomp 2018/08/11 v2.0j Standard LaTeX package
Package textcomp Info: Sub-encoding information:
(textcomp)               5 = only ISO-Adobe without \textcurrency
(textcomp)               4 = 5 + \texteuro
(textcomp)               3 = 4 + \textohm
(textcomp)               2 = 3 + \textestimated + \textcurrency
(textcomp)               1 = TS1 - \textcircled - \t
(textcomp)               0 = TS1 (full)
(textcomp)             Font families with sub-encoding setting implement
(textcomp)             only a restricted character set as indicated.
(textcomp)             Family '?' is the default used for unknown fonts.
(textcomp)             See the documentation for details.
Package textcomp Info: Setting ? sub-encoding to TS1/1 on input line 79.
("C:\Program Files\MiKTeX 2.9\tex/latex/base\ts1enc.def"
File: ts1enc.def 2001/06/05 v3.0e (jk/car/fm) Standard LaTeX file
Now handling font encoding TS1 ...
... processing UTF-8 mapping file for font encoding TS1
("C:\Program Files\MiKTeX 2.9\tex/latex/base\ts1enc.dfu"
File: ts1enc.dfu 2018/10/05 v1.2f UTF-8 support for inputenc
   defining Unicode char U+00A2 (decimal 162)
   defining Unicode char U+00A3 (decimal 163)
   defining Unicode char U+00A4 (decimal 164)
   defining Unicode char U+00A5 (decimal 165)
   defining Unicode char U+00A6 (decimal 166)
   defining Unicode char U+00A7 (decimal 167)
   defining Unicode char U+00A8 (decimal 168)
   defining Unicode char U+00A9 (decimal 169)
   defining Unicode char U+00AA (decimal 170)
   defining Unicode char U+00AC (decimal 172)
   defining Unicode char U+00AE (decimal 174)
   defining Unicode char U+00AF (decimal 175)
   defining Unicode char U+00B0 (decimal 176)
   defining Unicode char U+00B1 (decimal 177)
   defining Unicode char U+00B2 (decimal 178)
   defining Unicode char U+00B3 (decimal 179)
   defining Unicode char U+00B4 (decimal 180)
   defining Unicode char U+00B5 (decimal 181)
   defining Unicode char U+00B6 (decimal 182)
   defining Unicode char U+00B7 (decimal 183)
   defining Unicode char U+00B9 (decimal 185)
   defining Unicode char U+00BA (decimal 186)
   defining Unicode char U+00BC (decimal 188)
   defining Unicode char U+00BD (decimal 189)
   defining Unicode char U+00BE (decimal 190)
   defining Unicode char U+00D7 (decimal 215)
   defining Unicode char U+00F7 (decimal 247)
   defining Unicode char U+0192 (decimal 402)
   defining Unicode char U+02C7 (decimal 711)
   defining Unicode char U+02D8 (decimal 728)
   defining Unicode char U+02DD (decimal 733)
   defining Unicode char U+0E3F (decimal 3647)
   defining Unicode char U+2016 (decimal 8214)
   defining Unicode char U+2020 (decimal 8224)
   defining Unicode char U+2021 (decimal 8225)
   defining Unicode char U+2022 (decimal 8226)
   defining Unicode char U+2030 (decimal 8240)
   defining Unicode char U+2031 (decimal 8241)
   defining Unicode char U+203B (decimal 8251)
   defining Unicode char U+203D (decimal 8253)
   defining Unicode char U+2044 (decimal 8260)
   defining Unicode char U+204E (decimal 8270)
   defining Unicode char U+2052 (decimal 8274)
   defining Unicode char U+20A1 (decimal 8353)
   defining Unicode char U+20A4 (decimal 8356)
   defining Unicode char U+20A6 (decimal 8358)
   defining Unicode char U+20A9 (decimal 8361)
   defining Unicode char U+20AB (decimal 8363)
   defining Unicode char U+20AC (decimal 8364)
   defining Unicode char U+20B1 (decimal 8369)
   defining Unicode char U+2103 (decimal 8451)
   defining Unicode char U+2116 (decimal 8470)
   defining Unicode char U+2117 (decimal 8471)
   defining Unicode char U+211E (decimal 8478)
   defining Unicode char U+2120 (decimal 8480)
   defining Unicode char U+2122 (decimal 8482)
   defining Unicode char U+2126 (decimal 8486)
   defining Unicode char U+2127 (decimal 8487)
   defining Unicode char U+212E (decimal 8494)
   defining Unicode char U+2190 (decimal 8592)
   defining Unicode char U+2191 (decimal 8593)
   defining Unicode char U+2192 (decimal 8594)
   defining Unicode char U+2193 (decimal 8595)
   defining Unicode char U+2329 (decimal 9001)
   defining Unicode char U+232A (decimal 9002)
   defining Unicode char U+2422 (decimal 9250)
   defining Unicode char U+25E6 (decimal 9702)
   defining Unicode char U+25EF (decimal 9711)
   defining Unicode char U+266A (decimal 9834)
   defining Unicode char U+FEFF (decimal 65279)
))
LaTeX Info: Redefining \oldstylenums on input line 334.
Package textcomp Info: Setting cmr sub-encoding to TS1/0 on input line 349.
Package textcomp Info: Setting cmss sub-encoding to TS1/0 on input line 350.
Package textcomp Info: Setting cmtt sub-encoding to TS1/0 on input line 351.
Package textcomp Info: Setting cmvtt sub-encoding to TS1/0 on input line 352.
Package textcomp Info: Setting cmbr sub-encoding to TS1/0 on input line 353.
Package textcomp Info: Setting cmtl sub-encoding to TS1/0 on input line 354.
Package textcomp Info: Setting ccr sub-encoding to TS1/0 on input line 355.
Package textcomp Info: Setting ptm sub-encoding to TS1/4 on input line 356.
Package textcomp Info: Setting pcr sub-encoding to TS1/4 on input line 357.
Package textcomp Info: Setting phv sub-encoding to TS1/4 on input line 358.
Package textcomp Info: Setting ppl sub-encoding to TS1/3 on input line 359.
Package textcomp Info: Setting pag sub-encoding to TS1/4 on input line 360.
Package textcomp Info: Setting pbk sub-encoding to TS1/4 on input line 361.
Package textcomp Info: Setting pnc sub-encoding to TS1/4 on input line 362.
Package textcomp Info: Setting pzc sub-encoding to TS1/4 on input line 363.
Package textcomp Info: Setting bch sub-encoding to TS1/4 on input line 364.
Package textcomp Info: Setting put sub-encoding to TS1/5 on input line 365.
Package textcomp Info: Setting uag sub-encoding to TS1/5 on input line 366.
Package textcomp Info: Setting ugq sub-encoding to TS1/5 on input line 367.
Package textcomp Info: Setting ul8 sub-encoding to TS1/4 on input line 368.
Package textcomp Info: Setting ul9 sub-encoding to TS1/4 on input line 369.
Package textcomp Info: Setting augie sub-encoding to TS1/5 on input line 370.
Package textcomp Info: Setting dayrom sub-encoding to TS1/3 on input line 371.
Package textcomp Info: Setting dayroms sub-encoding to TS1/3 on input line 372.

Package textcomp Info: Setting pxr sub-encoding to TS1/0 on input line 373.
Package textcomp Info: Setting pxss sub-encoding to TS1/0 on input line 374.
Package textcomp Info: Setting pxtt sub-encoding to TS1/0 on input line 375.
Package textcomp Info: Setting txr sub-encoding to TS1/0 on input line 376.
Package textcomp Info: Setting txss sub-encoding to TS1/0 on input line 377.
Package textcomp Info: Setting txtt sub-encoding to TS1/0 on input line 378.
Package textcomp Info: Setting lmr sub-encoding to TS1/0 on input line 379.
Package textcomp Info: Setting lmdh sub-encoding to TS1/0 on input line 380.
Package textcomp Info: Setting lmss sub-encoding to TS1/0 on input line 381.
Package textcomp Info: Setting lmssq sub-encoding to TS1/0 on input line 382.
Package textcomp Info: Setting lmvtt sub-encoding to TS1/0 on input line 383.
Package textcomp Info: Setting lmtt sub-encoding to TS1/0 on input line 384.
Package textcomp Info: Setting qhv sub-encoding to TS1/0 on input line 385.
Package textcomp Info: Setting qag sub-encoding to TS1/0 on input line 386.
Package textcomp Info: Setting qbk sub-encoding to TS1/0 on input line 387.
Package textcomp Info: Setting qcr sub-encoding to TS1/0 on input line 388.
Package textcomp Info: Setting qcs sub-encoding to TS1/0 on input line 389.
Package textcomp Info: Setting qpl sub-encoding to TS1/0 on input line 390.
Package textcomp Info: Setting qtm sub-encoding to TS1/0 on input line 391.
Package textcomp Info: Setting qzc sub-encoding to TS1/0 on input line 392.
Package textcomp Info: Setting qhvc sub-encoding to TS1/0 on input line 393.
Package textcomp Info: Setting futs sub-encoding to TS1/4 on input line 394.
Package textcomp Info: Setting futx sub-encoding to TS1/4 on input line 395.
Package textcomp Info: Setting futj sub-encoding to TS1/4 on input line 396.
Package textcomp Info: Setting hlh sub-encoding to TS1/3 on input line 397.
Package textcomp Info: Setting hls sub-encoding to TS1/3 on input line 398.
Package textcomp Info: Setting hlst sub-encoding to TS1/3 on input line 399.
Package textcomp Info: Setting hlct sub-encoding to TS1/5 on input line 400.
Package textcomp Info: Setting hlx sub-encoding to TS1/5 on input line 401.
Package textcomp Info: Setting hlce sub-encoding to TS1/5 on input line 402.
Package textcomp Info: Setting hlcn sub-encoding to TS1/5 on input line 403.
Package textcomp Info: Setting hlcw sub-encoding to TS1/5 on input line 404.
Package textcomp Info: Setting hlcf sub-encoding to TS1/5 on input line 405.
Package textcomp Info: Setting pplx sub-encoding to TS1/3 on input line 406.
Package textcomp Info: Setting pplj sub-encoding to TS1/3 on input line 407.
Package textcomp Info: Setting ptmx sub-encoding to TS1/4 on input line 408.
Package textcomp Info: Setting ptmj sub-encoding to TS1/4 on input line 409.
)
("C:\Program Files\MiKTeX 2.9\tex/latex/beamertheme-metropolis\beamerthememetro
polis.sty"
Package: beamerthememetropolis 2017/01/23 v1.2 Metropolis Beamer theme
("C:\Program Files\MiKTeX 2.9\tex/latex/pgfopts\pgfopts.sty"
Package: pgfopts 2014/07/10 v2.1a LaTeX package options with pgfkeys
("C:\Program Files\MiKTeX 2.9\tex/latex/pgf/utilities\pgfkeys.sty" ("C:\Program
 Files\MiKTeX 2.9\tex/generic/pgf/utilities\pgfkeys.code.tex"))
\pgfopts@list@add@a@toks=\toks45
\pgfopts@list@add@b@toks=\toks46
)
("C:\Program Files\MiKTeX 2.9\tex/latex/beamertheme-metropolis\beamerinnertheme
metropolis.sty"
Package: beamerinnerthememetropolis 2017/01/23 Metropolis inner theme
("C:\Program Files\MiKTeX 2.9\tex/latex/pgf/frontendlayer\tikz.sty" ("C:\Progra
m Files\MiKTeX 2.9\tex/latex/pgf/basiclayer\pgf.sty"
Package: pgf 2019/08/03 v3.1.4b (3.1.4b)
("C:\Program Files\MiKTeX 2.9\tex/generic/pgf/modules\pgfmoduleshapes.code.tex"
File: pgfmoduleshapes.code.tex 2019/08/03 v3.1.4b (3.1.4b)
\pgfnodeparttextbox=\box56
) ("C:\Program Files\MiKTeX 2.9\tex/generic/pgf/modules\pgfmoduleplot.code.tex"
File: pgfmoduleplot.code.tex 2019/08/03 v3.1.4b (3.1.4b)
)
("C:\Program Files\MiKTeX 2.9\tex/latex/pgf/compatibility\pgfcomp-version-0-65.
sty"
Package: pgfcomp-version-0-65 2019/08/03 v3.1.4b (3.1.4b)
\pgf@nodesepstart=\dimen193
\pgf@nodesepend=\dimen194
)
("C:\Program Files\MiKTeX 2.9\tex/latex/pgf/compatibility\pgfcomp-version-1-18.
sty"
Package: pgfcomp-version-1-18 2019/08/03 v3.1.4b (3.1.4b)
)) ("C:\Program Files\MiKTeX 2.9\tex/latex/pgf/utilities\pgffor.sty" ("C:\Progr
am Files\MiKTeX 2.9\tex/latex/pgf/math\pgfmath.sty" ("C:\Program Files\MiKTeX 2
.9\tex/generic/pgf/math\pgfmath.code.tex")) ("C:\Program Files\MiKTeX 2.9\tex/g
eneric/pgf/utilities\pgffor.code.tex"
Package: pgffor 2019/08/03 v3.1.4b (3.1.4b)
("C:\Program Files\MiKTeX 2.9\tex/generic/pgf/math\pgfmath.code.tex")
\pgffor@iter=\dimen195
\pgffor@skip=\dimen196
\pgffor@stack=\toks47
\pgffor@toks=\toks48
)) ("C:\Program Files\MiKTeX 2.9\tex/generic/pgf/frontendlayer/tikz\tikz.code.t
ex"
Package: tikz 2019/08/03 v3.1.4b (3.1.4b)

("C:\Program Files\MiKTeX 2.9\tex/generic/pgf/libraries\pgflibraryplothandlers.
code.tex"
File: pgflibraryplothandlers.code.tex 2019/08/03 v3.1.4b (3.1.4b)
\pgf@plot@mark@count=\count166
\pgfplotmarksize=\dimen197
)
\tikz@lastx=\dimen198
\tikz@lasty=\dimen199
\tikz@lastxsaved=\dimen256
\tikz@lastysaved=\dimen257
\tikz@lastmovetox=\dimen258
\tikz@lastmovetoy=\dimen259
\tikzleveldistance=\dimen260
\tikzsiblingdistance=\dimen261
\tikz@figbox=\box57
\tikz@figbox@bg=\box58
\tikz@tempbox=\box59
\tikz@tempbox@bg=\box60
\tikztreelevel=\count167
\tikznumberofchildren=\count168
\tikznumberofcurrentchild=\count169
\tikz@fig@count=\count170
("C:\Program Files\MiKTeX 2.9\tex/generic/pgf/modules\pgfmodulematrix.code.tex"
File: pgfmodulematrix.code.tex 2019/08/03 v3.1.4b (3.1.4b)
\pgfmatrixcurrentrow=\count171
\pgfmatrixcurrentcolumn=\count172
\pgf@matrix@numberofcolumns=\count173
)
\tikz@expandcount=\count174

("C:\Program Files\MiKTeX 2.9\tex/generic/pgf/frontendlayer/tikz/libraries\tikz
librarytopaths.code.tex"
File: tikzlibrarytopaths.code.tex 2019/08/03 v3.1.4b (3.1.4b)
)))
\metropolis@titleseparator@linewidth=\skip60
\metropolis@progressonsectionpage=\skip61
\metropolis@progressonsectionpage@linewidth=\skip62
\metropolis@blocksep=\skip63
\metropolis@blockadjust=\skip64
\metropolis@parskip=\skip65
)
("C:\Program Files\MiKTeX 2.9\tex/latex/beamertheme-metropolis\beameroutertheme
metropolis.sty"
Package: beamerouterthememetropolis 2017/01/23 Metropolis outer theme
\metropolis@frametitle@padding=\skip66
\metropolis@progressinheadfoot=\skip67
\metropolis@progressinheadfoot@linewidth=\skip68
)
("C:\Program Files\MiKTeX 2.9\tex/latex/beamertheme-metropolis\beamercolortheme
metropolis.sty"
Package: beamercolorthememetropolis 2017/01/23 Metropolis color theme
)
("C:\Program Files\MiKTeX 2.9\tex/latex/beamertheme-metropolis\beamerfontthemem
etropolis.sty"
Package: beamerfontthememetropolis 2017/01/23 Metropolis font theme

Package beamerthememetropolis Warning: You need to compile with XeLaTeX or LuaL
aTeX to use the Fira fonts on input line 95.

)) ("C:\Program Files\MiKTeX 2.9\tex/latex/upquote\upquote.sty"
Package: upquote 2012/04/19 v1.3 upright-quote and grave-accent glyphs in verba
tim
) ("C:\Program Files\MiKTeX 2.9\tex/latex/microtype\microtype.sty"
Package: microtype 2019/02/28 v2.7b Micro-typographical refinements (RS)
\MT@toks=\toks49
\MT@count=\count175
LaTeX Info: Redefining \textls on input line 790.
\MT@outer@kern=\dimen262
LaTeX Info: Redefining \textmicrotypecontext on input line 1336.
\MT@listname@count=\count176
("C:\Program Files\MiKTeX 2.9\tex/latex/microtype\microtype-pdftex.def"
File: microtype-pdftex.def 2019/02/28 v2.7b Definitions specific to pdftex (RS)

LaTeX Info: Redefining \lsstyle on input line 914.
LaTeX Info: Redefining \lslig on input line 914.
\MT@outer@space=\skip69
)
Package microtype Info: Loading configuration file microtype.cfg.
("C:\Program Files\MiKTeX 2.9\tex/latex/microtype\microtype.cfg"
File: microtype.cfg 2019/02/28 v2.7b microtype main configuration file (RS)
)) ("C:\Program Files\MiKTeX 2.9\tex/latex/parskip\parskip.sty"
Package: parskip 2019-01-16 v2.0c non-zero parskip adjustments
)
Package hyperref Info: Option `breaklinks' set `true' on input line 74.
("C:\Program Files\MiKTeX 2.9\tex/latex/fancyvrb\fancyvrb.sty"
Package: fancyvrb 2019/01/15
Style option: `fancyvrb' v3.2a <2019/01/15> (tvz)
\FV@CodeLineNo=\count177
\FV@InFile=\read2
\FV@TabBox=\box61
\c@FancyVerbLine=\count178
\FV@StepNumber=\count179
\FV@OutFile=\write5
) ("C:\Program Files\MiKTeX 2.9\tex/latex/framed\framed.sty"
Package: framed 2011/10/22 v 0.96: framed or shaded text with page breaks
\OuterFrameSep=\skip70
\fb@frw=\dimen263
\fb@frh=\dimen264
\FrameRule=\dimen265
\FrameSep=\dimen266
) ("C:\Program Files\MiKTeX 2.9\tex/latex/oberdiek\grffile.sty"
Package: grffile 2017/06/30 v1.18 Extended file name support for graphics (HO)
Package grffile Info: Option `multidot' is set to `true'.
Package grffile Info: Option `extendedchars' is set to `false'.
Package grffile Info: Option `space' is set to `true'.
Package grffile Info: \Gin@ii of package `graphicx' fixed on input line 494.
) ("C:\Program Files\MiKTeX 2.9\tex/latex/booktabs\booktabs.sty"
Package: booktabs 2005/04/14 v1.61803 publication quality tables
\heavyrulewidth=\dimen267
\lightrulewidth=\dimen268
\cmidrulewidth=\dimen269
\belowrulesep=\dimen270
\belowbottomsep=\dimen271
\aboverulesep=\dimen272
\abovetopsep=\dimen273
\cmidrulesep=\dimen274
\cmidrulekern=\dimen275
\defaultaddspace=\dimen276
\@cmidla=\count180
\@cmidlb=\count181
\@aboverulesep=\dimen277
\@belowrulesep=\dimen278
\@thisruleclass=\count182
\@lastruleclass=\count183
\@thisrulewidth=\dimen279
) ("C:\Program Files\MiKTeX 2.9\tex/latex/dynblocks\dynblocks.sty"
Package: dynblocks 2014/18/09 v0.2b A simple way to create dynamic blocks.
("C:\Program Files\MiKTeX 2.9\tex/latex/l3packages/xparse\xparse.sty" ("C:\Prog
ram Files\MiKTeX 2.9\tex/latex/l3kernel\expl3.sty"
Package: expl3 2019-08-14 L3 programming layer (loader) 
("C:\Program Files\MiKTeX 2.9\tex/latex/l3kernel\expl3-code.tex"
Package: expl3 2019-08-14 L3 programming layer (code)
\c_max_int=\count184
\l_tmpa_int=\count185
\l_tmpb_int=\count186
\g_tmpa_int=\count187
\g_tmpb_int=\count188
\g__kernel_prg_map_int=\count189
\c__ior_term_noprompt_ior=\count190
\c_log_iow=\count191
\l_iow_line_count_int=\count192
\l__iow_line_target_int=\count193
\l__iow_one_indent_int=\count194
\l__iow_indent_int=\count195
\c_zero_dim=\dimen280
\c_max_dim=\dimen281
\l_tmpa_dim=\dimen282
\l_tmpb_dim=\dimen283
\g_tmpa_dim=\dimen284
\g_tmpb_dim=\dimen285
\c_zero_skip=\skip71
\c_max_skip=\skip72
\l_tmpa_skip=\skip73
\l_tmpb_skip=\skip74
\g_tmpa_skip=\skip75
\g_tmpb_skip=\skip76
\c_zero_muskip=\muskip12
\c_max_muskip=\muskip13
\l_tmpa_muskip=\muskip14
\l_tmpb_muskip=\muskip15
\g_tmpa_muskip=\muskip16
\g_tmpb_muskip=\muskip17
\l_keys_choice_int=\count196
\l__intarray_loop_int=\count197
\c__intarray_sp_dim=\dimen286
\g__intarray_font_int=\count198
\c__fp_leading_shift_int=\count199
\c__fp_middle_shift_int=\count266
\c__fp_trailing_shift_int=\count267
\c__fp_big_leading_shift_int=\count268
\c__fp_big_middle_shift_int=\count269
\c__fp_big_trailing_shift_int=\count270
\c__fp_Bigg_leading_shift_int=\count271
\c__fp_Bigg_middle_shift_int=\count272
\c__fp_Bigg_trailing_shift_int=\count273
\c__kernel_randint_max_int=\count274
\g__fp_array_int=\count275
\l__fp_array_loop_int=\count276
\l__sort_length_int=\count277
\l__sort_min_int=\count278
\l__sort_top_int=\count279
\l__sort_max_int=\count280
\l__sort_true_max_int=\count281
\l__sort_block_int=\count282
\l__sort_begin_int=\count283
\l__sort_end_int=\count284
\l__sort_A_int=\count285
\l__sort_B_int=\count286
\l__sort_C_int=\count287
\l__str_internal_int=\count288
\c__str_replacement_char_int=\count289
\l__tl_analysis_normal_int=\count290
\l__tl_analysis_index_int=\count291
\l__tl_analysis_nesting_int=\count292
\l__tl_analysis_type_int=\count293
\l__regex_internal_a_int=\count294
\l__regex_internal_b_int=\count295
\l__regex_internal_c_int=\count296
\l__regex_balance_int=\count297
\l__regex_group_level_int=\count298
\l__regex_mode_int=\count299
\c__regex_cs_in_class_mode_int=\count300
\c__regex_cs_mode_int=\count301
\l__regex_catcodes_int=\count302
\l__regex_default_catcodes_int=\count303
\c__regex_catcode_D_int=\count304
\c__regex_catcode_S_int=\count305
\c__regex_catcode_L_int=\count306
\c__regex_catcode_O_int=\count307
\c__regex_catcode_A_int=\count308
\c__regex_all_catcodes_int=\count309
\l__regex_show_lines_int=\count310
\l__regex_min_state_int=\count311
\l__regex_max_state_int=\count312
\l__regex_left_state_int=\count313
\l__regex_right_state_int=\count314
\l__regex_capturing_group_int=\count315
\l__regex_min_pos_int=\count316
\l__regex_max_pos_int=\count317
\l__regex_curr_pos_int=\count318
\l__regex_start_pos_int=\count319
\l__regex_success_pos_int=\count320
\l__regex_curr_char_int=\count321
\l__regex_curr_catcode_int=\count322
\l__regex_last_char_int=\count323
\l__regex_case_changed_char_int=\count324
\l__regex_curr_state_int=\count325
\l__regex_step_int=\count326
\l__regex_min_active_int=\count327
\l__regex_max_active_int=\count328
\l__regex_replacement_csnames_int=\count329
\l__regex_match_count_int=\count330
\l__regex_min_submatch_int=\count331
\l__regex_submatch_int=\count332
\l__regex_zeroth_submatch_int=\count333
\g__regex_trace_regex_int=\count334
\c_empty_box=\box62
\l_tmpa_box=\box63
\l_tmpb_box=\box64
\g_tmpa_box=\box65
\g_tmpb_box=\box66
\l__box_top_dim=\dimen287
\l__box_bottom_dim=\dimen288
\l__box_left_dim=\dimen289
\l__box_right_dim=\dimen290
\l__box_top_new_dim=\dimen291
\l__box_bottom_new_dim=\dimen292
\l__box_left_new_dim=\dimen293
\l__box_right_new_dim=\dimen294
\l__box_internal_box=\box67
\l__coffin_internal_box=\box68
\l__coffin_internal_dim=\dimen295
\l__coffin_offset_x_dim=\dimen296
\l__coffin_offset_y_dim=\dimen297
\l__coffin_x_dim=\dimen298
\l__coffin_y_dim=\dimen299
\l__coffin_x_prime_dim=\dimen300
\l__coffin_y_prime_dim=\dimen301
\c_empty_coffin=\box69
\l__coffin_aligned_coffin=\box70
\l__coffin_aligned_internal_coffin=\box71
\l_tmpa_coffin=\box72
\l_tmpb_coffin=\box73
\g_tmpa_coffin=\box74
\g_tmpb_coffin=\box75
\l__coffin_bounding_shift_dim=\dimen302
\l__coffin_left_corner_dim=\dimen303
\l__coffin_right_corner_dim=\dimen304
\l__coffin_bottom_corner_dim=\dimen305
\l__coffin_top_corner_dim=\dimen306
\l__coffin_scaled_total_height_dim=\dimen307
\l__coffin_scaled_width_dim=\dimen308
\c__coffin_empty_coffin=\box76
\l__coffin_display_coffin=\box77
\l__coffin_display_coord_coffin=\box78
\l__coffin_display_pole_coffin=\box79
\l__coffin_display_offset_dim=\dimen309
\l__coffin_display_x_dim=\dimen310
\l__coffin_display_y_dim=\dimen311
\g__file_internal_ior=\read3
\l__seq_internal_a_int=\count335
\l__seq_internal_b_int=\count336
) ("C:\Program Files\MiKTeX 2.9\tex/latex/l3backend\l3backend-pdfmode.def"
File: l3backend-pdfmode.def 2019-04-06 v L3 Experimental backend support: PDF m
ode
\l__kernel_color_stack_int=\count337
\l__pdf_internal_box=\box80
))
Package: xparse 2019-05-28 L3 Experimental document command parser
\l__xparse_current_arg_int=\count338
\g__xparse_grabber_int=\count339
\l__xparse_m_args_int=\count340
\l__xparse_v_nesting_int=\count341
)
("C:\Program Files\MiKTeX 2.9\tex/generic/pgf/frontendlayer/tikz/libraries\tikz
libraryshadows.code.tex"
File: tikzlibraryshadows.code.tex 2019/08/03 v3.1.4b (3.1.4b)

("C:\Program Files\MiKTeX 2.9\tex/generic/pgf/frontendlayer/tikz/libraries\tikz
libraryfadings.code.tex"
File: tikzlibraryfadings.code.tex 2019/08/03 v3.1.4b (3.1.4b)

("C:\Program Files\MiKTeX 2.9\tex/generic/pgf/libraries\pgflibraryfadings.code.
tex"
File: pgflibraryfadings.code.tex 2019/08/03 v3.1.4b (3.1.4b)
)))
\c@thistext=\count342
\intdimension=\skip77
) ("C:\Program Files\MiKTeX 2.9\tex/latex/natbib\natbib.sty"
Package: natbib 2010/09/13 8.31b (PWD, AO)
\bibhang=\skip78
\bibsep=\skip79
LaTeX Info: Redefining \cite on input line 694.
\c@NAT@ctr=\count343
)
Package hyperref Info: Option `colorlinks' set `true' on input line 150.

Package hyperref Warning: Token not allowed in a PDF string (Unicode):
(hyperref)                removing `\begingroup' on input line 157.


Package hyperref Warning: Token not allowed in a PDF string (Unicode):
(hyperref)                removing `\catcode' on input line 157.


Package hyperref Warning: Token not allowed in a PDF string (Unicode):
(hyperref)                removing `\active' on input line 157.


Package hyperref Warning: Token not allowed in a PDF string (Unicode):
(hyperref)                removing `\<def>-command' on input line 157.


Package hyperref Warning: Token not allowed in a PDF string (Unicode):
(hyperref)                removing `\csname\endcsname' on input line 157.


Package hyperref Warning: Token not allowed in a PDF string (Unicode):
(hyperref)                removing `\catcode' on input line 157.


Package hyperref Warning: Token not allowed in a PDF string (Unicode):
(hyperref)                removing `\active' on input line 157.


Package hyperref Warning: Token not allowed in a PDF string (Unicode):
(hyperref)                removing `\<let>-command' on input line 157.


Package hyperref Warning: Token not allowed in a PDF string (Unicode):
(hyperref)                removing `\csname\endcsname' on input line 157.


Package hyperref Warning: Token not allowed in a PDF string (Unicode):
(hyperref)                removing `\<let>-command' on input line 157.


Package hyperref Warning: Token not allowed in a PDF string (Unicode):
(hyperref)                removing `\%' on input line 157.


Package hyperref Warning: Token not allowed in a PDF string (Unicode):
(hyperref)                removing `\catcode' on input line 157.


Package hyperref Warning: Token not allowed in a PDF string (Unicode):
(hyperref)                removing `\active' on input line 157.


Package hyperref Warning: Token not allowed in a PDF string (Unicode):
(hyperref)                removing `\<def>-command' on input line 157.


Package hyperref Warning: Token not allowed in a PDF string (Unicode):
(hyperref)                removing `\csname\endcsname' on input line 157.


Package hyperref Warning: Token not allowed in a PDF string (Unicode):
(hyperref)                removing `\<def>-command' on input line 157.


Package hyperref Warning: Token not allowed in a PDF string (Unicode):
(hyperref)                removing `\#' on input line 157.


Package hyperref Warning: Token not allowed in a PDF string (Unicode):
(hyperref)                removing `\catcode' on input line 157.


Package hyperref Warning: Token not allowed in a PDF string (Unicode):
(hyperref)                removing `\<def>-command' on input line 157.


Package hyperref Warning: Token not allowed in a PDF string (Unicode):
(hyperref)                removing `\csname\endcsname' on input line 157.


Package hyperref Warning: Token not allowed in a PDF string (Unicode):
(hyperref)                removing `\<def>-command' on input line 157.


Package hyperref Warning: Token not allowed in a PDF string (Unicode):
(hyperref)                removing `\&' on input line 157.


Package hyperref Warning: Token not allowed in a PDF string (Unicode):
(hyperref)                removing `\<def>-command' on input line 157.


Package hyperref Warning: Token not allowed in a PDF string (Unicode):
(hyperref)                removing `\textunderscore' on input line 157.


Package hyperref Warning: Token not allowed in a PDF string (Unicode):
(hyperref)                removing `\<let>-command' on input line 157.


Package hyperref Warning: Token not allowed in a PDF string (Unicode):
(hyperref)                removing `\_' on input line 157.


Package hyperref Warning: Token not allowed in a PDF string (Unicode):
(hyperref)                removing `\catcode' on input line 157.


Package hyperref Warning: Token not allowed in a PDF string (Unicode):
(hyperref)                removing `\active' on input line 157.


Package hyperref Warning: Token not allowed in a PDF string (Unicode):
(hyperref)                removing `\<let>-command' on input line 157.


Package hyperref Warning: Token not allowed in a PDF string (Unicode):
(hyperref)                removing `\csname\endcsname' on input line 157.


Package hyperref Warning: Token not allowed in a PDF string (Unicode):
(hyperref)                removing `\<let>-command' on input line 157.


Package hyperref Warning: Token not allowed in a PDF string (Unicode):
(hyperref)                removing `\csname\endcsname' on input line 157.


Package hyperref Warning: Token not allowed in a PDF string (Unicode):
(hyperref)                removing `\<let>-command' on input line 157.


Package hyperref Warning: Token not allowed in a PDF string (Unicode):
(hyperref)                removing `\~' on input line 157.


Package hyperref Warning: Token not allowed in a PDF string (Unicode):
(hyperref)                removing `\<let>-command' on input line 157.


Package hyperref Warning: Token not allowed in a PDF string (Unicode):
(hyperref)                removing `\textasciitilde' on input line 157.


Package hyperref Warning: Token not allowed in a PDF string (Unicode):
(hyperref)                removing `\<let>-command' on input line 157.


Package hyperref Warning: Token not allowed in a PDF string (Unicode):
(hyperref)                removing `\\' on input line 157.


Package hyperref Warning: Token not allowed in a PDF string (Unicode):
(hyperref)                removing `\<def>-command' on input line 157.


Package hyperref Warning: Token not allowed in a PDF string (Unicode):
(hyperref)                removing `\csname\endcsname' on input line 157.


Package hyperref Warning: Token not allowed in a PDF string (Unicode):
(hyperref)                removing `\<def>-command' on input line 157.


Package hyperref Warning: Token not allowed in a PDF string (Unicode):
(hyperref)                removing `\Hy@tempa' on input line 157.


Package hyperref Warning: Token not allowed in a PDF string (Unicode):
(hyperref)                removing `\<def>-command' on input line 157.


Package hyperref Warning: Token not allowed in a PDF string (Unicode):
(hyperref)                removing `\Hy@tempa' on input line 157.

(02_Apis_twitter_apresentacao.aux)
\openout1 = `02_Apis_twitter_apresentacao.aux'.

LaTeX Font Info:    Checking defaults for OML/cmm/m/it on input line 162.
LaTeX Font Info:    ... okay on input line 162.
LaTeX Font Info:    Checking defaults for T1/cmr/m/n on input line 162.
LaTeX Font Info:    ... okay on input line 162.
LaTeX Font Info:    Checking defaults for OT1/cmr/m/n on input line 162.
LaTeX Font Info:    ... okay on input line 162.
LaTeX Font Info:    Checking defaults for OMS/cmsy/m/n on input line 162.
LaTeX Font Info:    ... okay on input line 162.
LaTeX Font Info:    Checking defaults for OMX/cmex/m/n on input line 162.
LaTeX Font Info:    ... okay on input line 162.
LaTeX Font Info:    Checking defaults for U/cmr/m/n on input line 162.
LaTeX Font Info:    ... okay on input line 162.
LaTeX Font Info:    Checking defaults for PD1/pdf/m/n on input line 162.
LaTeX Font Info:    ... okay on input line 162.
LaTeX Font Info:    Checking defaults for PU/pdf/m/n on input line 162.
LaTeX Font Info:    ... okay on input line 162.
LaTeX Font Info:    Checking defaults for TS1/cmr/m/n on input line 162.
LaTeX Font Info:    Try loading font information for TS1+cmr on input line 162.

("C:\Program Files\MiKTeX 2.9\tex/latex/base\ts1cmr.fd"
File: ts1cmr.fd 2014/09/29 v2.5h Standard LaTeX font definitions
)
LaTeX Font Info:    ... okay on input line 162.
LaTeX Font Info:    Try loading font information for T1+lmss on input line 162.

("C:\Program Files\MiKTeX 2.9\tex/latex/lm\t1lmss.fd"
File: t1lmss.fd 2009/10/30 v1.6 Font defs for Latin Modern
)
*geometry* driver: auto-detecting
*geometry* detected driver: pdftex
*geometry* verbose mode - [ preamble ] result:
* driver: pdftex
* paper: custom
* layout: <same size as paper>
* layoutoffset:(h,v)=(0.0pt,0.0pt)
* modes: includehead includefoot 
* h-part:(L,W,R)=(28.45274pt, 307.28987pt, 28.45274pt)
* v-part:(T,H,B)=(0.0pt, 273.14662pt, 0.0pt)
* \paperwidth=364.19536pt
* \paperheight=273.14662pt
* \textwidth=307.28987pt
* \textheight=244.6939pt
* \oddsidemargin=-43.81725pt
* \evensidemargin=-43.81725pt
* \topmargin=-72.26999pt
* \headheight=14.22636pt
* \headsep=0.0pt
* \topskip=10.0pt
* \footskip=14.22636pt
* \marginparwidth=3.0pt
* \marginparsep=11.0pt
* \columnsep=10.0pt
* \skip\footins=9.0pt plus 4.0pt minus 2.0pt
* \hoffset=0.0pt
* \voffset=0.0pt
* \mag=1000
* \@twocolumnfalse
* \@twosidefalse
* \@mparswitchfalse
* \@reversemarginfalse
* (1in=72.27pt=25.4mm, 1cm=28.453pt)

("C:\Program Files\MiKTeX 2.9\tex/context/base/mkii\supp-pdf.mkii"
[Loading MPS to PDF converter (version 2006.09.02).]
\scratchcounter=\count344
\scratchdimen=\dimen312
\scratchbox=\box81
\nofMPsegments=\count345
\nofMParguments=\count346
\everyMPshowfont=\toks50
\MPscratchCnt=\count347
\MPscratchDim=\dimen313
\MPnumerator=\count348
\makeMPintoPDFobject=\count349
\everyMPtoPDFconversion=\toks51
) ("C:\Program Files\MiKTeX 2.9\tex/latex/oberdiek\epstopdf-base.sty"
Package: epstopdf-base 2016/05/15 v2.6 Base part for package epstopdf
("C:\Program Files\MiKTeX 2.9\tex/latex/oberdiek\grfext.sty"
Package: grfext 2016/05/16 v1.2 Manage graphics extensions (HO)
)
Package epstopdf-base Info: Redefining graphics rule for `.eps' on input line 4
38.
Package grfext Info: Graphics extension search list:
(grfext)             [.pdf,.png,.jpg,.mps,.jpeg,.jbig2,.jb2,.PDF,.PNG,.JPG,.JPE
G,.JBIG2,.JB2,.eps]
(grfext)             \AppendGraphicsExtensions on input line 456.
) ABD: EveryShipout initializing macros
\AtBeginShipoutBox=\box82
Package hyperref Info: Link coloring ON on input line 162.
("C:\Program Files\MiKTeX 2.9\tex/latex/hyperref\nameref.sty"
Package: nameref 2016/05/21 v2.44 Cross-referencing by name of section
("C:\Program Files\MiKTeX 2.9\tex/generic/oberdiek\gettitlestring.sty"
Package: gettitlestring 2016/05/16 v1.5 Cleanup title references (HO)
)
\c@section@level=\count350
)
LaTeX Info: Redefining \ref on input line 162.
LaTeX Info: Redefining \pageref on input line 162.
LaTeX Info: Redefining \nameref on input line 162.
(02_Apis_twitter_apresentacao.out) (02_Apis_twitter_apresentacao.out)
\@outlinefile=\write6
\openout6 = `02_Apis_twitter_apresentacao.out'.

LaTeX Font Info:    Overwriting symbol font `operators' in version `normal'
(Font)                  OT1/lmr/m/n --> OT1/cmss/m/n on input line 162.
LaTeX Font Info:    Overwriting symbol font `operators' in version `bold'
(Font)                  OT1/lmr/bx/n --> OT1/cmss/bx/n on input line 162.
LaTeX Font Info:    Overwriting symbol font `operators' in version `normal'
(Font)                  OT1/cmss/m/n --> OT1/lmss/m/n on input line 162.
LaTeX Font Info:    Overwriting symbol font `operators' in version `bold'
(Font)                  OT1/cmss/bx/n --> OT1/lmss/bx/n on input line 162.
\symnumbers=\mathgroup6
\sympureletters=\mathgroup7
LaTeX Font Info:    Overwriting math alphabet `\mathrm' in version `normal'
(Font)                  OT1/lmss/m/n --> T1/lmr/m/n on input line 162.
LaTeX Font Info:    Redeclaring math alphabet \mathbf on input line 162.
LaTeX Font Info:    Overwriting math alphabet `\mathbf' in version `normal'
(Font)                  OT1/lmr/bx/n --> T1/lmss/bx/n on input line 162.
LaTeX Font Info:    Overwriting math alphabet `\mathbf' in version `bold'
(Font)                  OT1/lmr/bx/n --> T1/lmss/bx/n on input line 162.
LaTeX Font Info:    Redeclaring math alphabet \mathsf on input line 162.
LaTeX Font Info:    Overwriting math alphabet `\mathsf' in version `normal'
(Font)                  OT1/lmss/m/n --> T1/lmss/m/n on input line 162.
LaTeX Font Info:    Overwriting math alphabet `\mathsf' in version `bold'
(Font)                  OT1/lmss/bx/n --> T1/lmss/m/n on input line 162.
LaTeX Font Info:    Redeclaring math alphabet \mathit on input line 162.
LaTeX Font Info:    Overwriting math alphabet `\mathit' in version `normal'
(Font)                  OT1/lmr/m/it --> T1/lmss/m/it on input line 162.
LaTeX Font Info:    Overwriting math alphabet `\mathit' in version `bold'
(Font)                  OT1/lmr/bx/it --> T1/lmss/m/it on input line 162.
LaTeX Font Info:    Redeclaring math alphabet \mathtt on input line 162.
LaTeX Font Info:    Overwriting math alphabet `\mathtt' in version `normal'
(Font)                  OT1/lmtt/m/n --> T1/lmtt/m/n on input line 162.
LaTeX Font Info:    Overwriting math alphabet `\mathtt' in version `bold'
(Font)                  OT1/lmtt/m/n --> T1/lmtt/m/n on input line 162.
LaTeX Font Info:    Overwriting symbol font `numbers' in version `bold'
(Font)                  T1/lmss/m/n --> T1/lmss/bx/n on input line 162.
LaTeX Font Info:    Overwriting symbol font `pureletters' in version `bold'
(Font)                  T1/lmss/m/it --> T1/lmss/bx/it on input line 162.
LaTeX Font Info:    Overwriting math alphabet `\mathrm' in version `bold'
(Font)                  OT1/lmss/bx/n --> T1/lmr/bx/n on input line 162.
LaTeX Font Info:    Overwriting math alphabet `\mathbf' in version `bold'
(Font)                  T1/lmss/bx/n --> T1/lmss/bx/n on input line 162.
LaTeX Font Info:    Overwriting math alphabet `\mathsf' in version `bold'
(Font)                  T1/lmss/m/n --> T1/lmss/bx/n on input line 162.
LaTeX Font Info:    Overwriting math alphabet `\mathit' in version `bold'
(Font)                  T1/lmss/m/it --> T1/lmss/bx/it on input line 162.
LaTeX Font Info:    Overwriting math alphabet `\mathtt' in version `bold'
(Font)                  T1/lmtt/m/n --> T1/lmtt/bx/n on input line 162.

("C:\Program Files\MiKTeX 2.9\tex/latex/translator\translator-basic-dictionary-
English.dict"
Dictionary: translator-basic-dictionary, Language: English 
)
("C:\Program Files\MiKTeX 2.9\tex/latex/translator\translator-bibliography-dict
ionary-English.dict"
Dictionary: translator-bibliography-dictionary, Language: English 
)
("C:\Program Files\MiKTeX 2.9\tex/latex/translator\translator-environment-dicti
onary-English.dict"
Dictionary: translator-environment-dictionary, Language: English 
)
("C:\Program Files\MiKTeX 2.9\tex/latex/translator\translator-months-dictionary
-English.dict"
Dictionary: translator-months-dictionary, Language: English 
)
("C:\Program Files\MiKTeX 2.9\tex/latex/translator\translator-numbers-dictionar
y-English.dict"
Dictionary: translator-numbers-dictionary, Language: English 
)
("C:\Program Files\MiKTeX 2.9\tex/latex/translator\translator-theorem-dictionar
y-English.dict"
Dictionary: translator-theorem-dictionary, Language: English 
)
LaTeX Info: Redefining \microtypecontext on input line 162.
Package microtype Info: Generating PDF output.
Package microtype Info: Character protrusion enabled (level 2).
Package microtype Info: Using protrusion set `basicmath'.
Package microtype Info: Automatic font expansion enabled (level 2),
(microtype)             stretch: 20, shrink: 20, step: 1, non-selected.
Package microtype Info: Using default expansion set `basictext'.
Package microtype Info: No adjustment of tracking.
Package microtype Info: No adjustment of interword spacing.
Package microtype Info: No adjustment of character kerning.
Package microtype Info: Loading generic protrusion settings for font family
(microtype)             `lmss' (encoding: T1).
(microtype)             For optimal results, create family-specific settings.
(microtype)             See the microtype manual for details.
(02_Apis_twitter_apresentacao.nav)
LaTeX Font Info:    Try loading font information for OT1+lmss on input line 163
.
("C:\Program Files\MiKTeX 2.9\tex/latex/lm\ot1lmss.fd"
File: ot1lmss.fd 2009/10/30 v1.6 Font defs for Latin Modern
)
Package microtype Info: Loading generic protrusion settings for font family
(microtype)             `lmss' (encoding: OT1).
(microtype)             For optimal results, create family-specific settings.
(microtype)             See the microtype manual for details.
LaTeX Font Info:    Try loading font information for OML+lmm on input line 163.

("C:\Program Files\MiKTeX 2.9\tex/latex/lm\omllmm.fd"
File: omllmm.fd 2009/10/30 v1.6 Font defs for Latin Modern
)
LaTeX Font Info:    Try loading font information for OMS+lmsy on input line 163
.
("C:\Program Files\MiKTeX 2.9\tex/latex/lm\omslmsy.fd"
File: omslmsy.fd 2009/10/30 v1.6 Font defs for Latin Modern
)
LaTeX Font Info:    Try loading font information for OMX+lmex on input line 163
.
("C:\Program Files\MiKTeX 2.9\tex/latex/lm\omxlmex.fd"
File: omxlmex.fd 2009/10/30 v1.6 Font defs for Latin Modern
)
LaTeX Font Info:    External font `lmex10' loaded for size
(Font)              <9> on input line 163.
LaTeX Font Info:    External font `lmex10' loaded for size
(Font)              <6> on input line 163.
LaTeX Font Info:    External font `lmex10' loaded for size
(Font)              <5> on input line 163.
LaTeX Font Info:    Try loading font information for U+msa on input line 163.
("C:\Program Files\MiKTeX 2.9\tex/latex/amsfonts\umsa.fd"
File: umsa.fd 2013/01/14 v3.01 AMS symbols A
) ("C:\Program Files\MiKTeX 2.9\tex/latex/microtype\mt-msa.cfg"
File: mt-msa.cfg 2006/02/04 v1.1 microtype config. file: AMS symbols (a) (RS)
)
LaTeX Font Info:    Try loading font information for U+msb on input line 163.
("C:\Program Files\MiKTeX 2.9\tex/latex/amsfonts\umsb.fd"
File: umsb.fd 2013/01/14 v3.01 AMS symbols B
) ("C:\Program Files\MiKTeX 2.9\tex/latex/microtype\mt-msb.cfg"
File: mt-msb.cfg 2005/06/01 v1.0 microtype config. file: AMS symbols (b) (RS)
)
LaTeX Font Info:    Font shape `T1/lmss/m/it' in size <9> not available
(Font)              Font shape `T1/lmss/m/sl' tried instead on input line 163.
LaTeX Font Info:    Font shape `T1/lmss/m/it' in size <6> not available
(Font)              Font shape `T1/lmss/m/sl' tried instead on input line 163.
LaTeX Font Info:    Font shape `T1/lmss/m/it' in size <5> not available
(Font)              Font shape `T1/lmss/m/sl' tried instead on input line 163.

Overfull \vbox (39.39339pt too high) detected at line 163
 []

[1

{C:/Users/Tiago Ventura/AppData/Local/MiKTeX/2.9/pdftex/config/pdftex.map}]
LaTeX Font Info:    Try loading font information for TS1+lmss on input line 198
.
("C:\Program Files\MiKTeX 2.9\tex/latex/lm\ts1lmss.fd"
File: ts1lmss.fd 2009/10/30 v1.6 Font defs for Latin Modern
) [2

] [3

]
\openout4 = `02_Apis_twitter_apresentacao.vrb'.

(02_Apis_twitter_apresentacao.vrb
LaTeX Font Info:    Try loading font information for T1+lmtt on input line 5.
("C:\Program Files\MiKTeX 2.9\tex/latex/lm\t1lmtt.fd"
File: t1lmtt.fd 2009/10/30 v1.6 Font defs for Latin Modern
)) [4

]
\openout4 = `02_Apis_twitter_apresentacao.vrb'.

(02_Apis_twitter_apresentacao.vrb) [5

]
\openout4 = `02_Apis_twitter_apresentacao.vrb'.

(02_Apis_twitter_apresentacao.vrb)
Overfull \vbox (80.24396pt too high) detected at line 290
 []

[6

]
\openout4 = `02_Apis_twitter_apresentacao.vrb'.

(02_Apis_twitter_apresentacao.vrb) [7

]
\openout4 = `02_Apis_twitter_apresentacao.vrb'.

(02_Apis_twitter_apresentacao.vrb
Overfull \hbox (75.95901pt too wide) in paragraph at lines 95--95
[]\T1/lmtt/m/n/10 $ user_id                 <chr> "1177402598430785536", "24212
58344", "...[] 
 []


Overfull \hbox (75.95901pt too wide) in paragraph at lines 95--95
[]\T1/lmtt/m/n/10 $ status_id               <chr> "1206694563974385677", "12066
945524778...[] 
 []


Overfull \hbox (75.95901pt too wide) in paragraph at lines 95--95
[]\T1/lmtt/m/n/10 $ created_at              <dttm> 2019-12-16 21:56:18, 2019-12
-16 21:56...[] 
 []


Overfull \hbox (75.95901pt too wide) in paragraph at lines 95--95
[]\T1/lmtt/m/n/10 $ screen_name             <chr> "RobsonQueirz1", "ariquilha",
 "iJunior...[] 
 []


Overfull \hbox (75.95901pt too wide) in paragraph at lines 95--95
[]\T1/lmtt/m/n/10 $ text                    <chr> "Bolsonaro bolsonaro bolsonar
o bolsona...[] 
 []


Overfull \hbox (75.95901pt too wide) in paragraph at lines 95--95
[]\T1/lmtt/m/n/10 $ source                  <chr> "Twitter for Android", "Twitt
er for An...[] 
 []


Overfull \hbox (75.95901pt too wide) in paragraph at lines 95--95
[]\T1/lmtt/m/n/10 $ display_text_width      <dbl> 100, 150, 89, 98, 25, 23, 85,
 112, 125...[] 
 []


Overfull \hbox (75.95901pt too wide) in paragraph at lines 95--95
[]\T1/lmtt/m/n/10 $ reply_to_status_id      <chr> NA, "1206693868659453952", NA
, NA, NA,...[] 
 []


Overfull \hbox (75.95901pt too wide) in paragraph at lines 95--95
[]\T1/lmtt/m/n/10 $ reply_to_user_id        <chr> NA, "43340387", NA, NA, NA, N
A, "11058...[] 
 []


Overfull \hbox (75.95901pt too wide) in paragraph at lines 95--95
[]\T1/lmtt/m/n/10 $ reply_to_screen_name    <chr> NA, "DCM_online", NA, NA, NA,
 NA, "Muj...[] 
 []


Overfull \hbox (75.95901pt too wide) in paragraph at lines 95--95
[]\T1/lmtt/m/n/10 $ is_quote                <lgl> TRUE, FALSE, FALSE, FALSE, TR
UE, FALSE...[] 
 []


Overfull \hbox (75.95901pt too wide) in paragraph at lines 95--95
[]\T1/lmtt/m/n/10 $ is_retweet              <lgl> FALSE, FALSE, FALSE, FALSE, F
ALSE, FAL...[] 
 []


Overfull \hbox (75.95901pt too wide) in paragraph at lines 95--95
[]\T1/lmtt/m/n/10 $ favorite_count          <int> 0, 0, 0, 0, 0, 0, 0, 0, 0, 0,
 0, 0, 0,...[] 
 []


Overfull \hbox (75.95901pt too wide) in paragraph at lines 95--95
[]\T1/lmtt/m/n/10 $ retweet_count           <int> 0, 0, 1, 0, 0, 0, 0, 0, 0, 0,
 0, 0, 0,...[] 
 []


Overfull \hbox (75.95901pt too wide) in paragraph at lines 95--95
[]\T1/lmtt/m/n/10 $ quote_count             <int> NA, NA, NA, NA, NA, NA, NA, N
A, NA, NA...[] 
 []


Overfull \hbox (75.95901pt too wide) in paragraph at lines 95--95
[]\T1/lmtt/m/n/10 $ reply_count             <int> NA, NA, NA, NA, NA, NA, NA, N
A, NA, NA...[] 
 []


Overfull \hbox (75.95901pt too wide) in paragraph at lines 95--95
[]\T1/lmtt/m/n/10 $ hashtags                <list> [NA, NA, NA, NA, NA, NA, NA,
 NA, NA, ...[] 
 []


Overfull \hbox (75.95901pt too wide) in paragraph at lines 95--95
[]\T1/lmtt/m/n/10 $ symbols                 <list> [NA, NA, NA, NA, NA, NA, NA,
 NA, NA, ...[] 
 []


Overfull \hbox (86.45898pt too wide) in paragraph at lines 95--95
[]\T1/lmtt/m/n/10 $ urls_url                <list> ["twitter.com/B38Ate2022/sta
...", NA, N...[] 
 []


Overfull \hbox (75.95901pt too wide) in paragraph at lines 95--95
[]\T1/lmtt/m/n/10 $ urls_t.co               <list> ["https://t.co/2WEQtsp537", 
NA, NA, "...[] 
 []


Overfull \hbox (75.95901pt too wide) in paragraph at lines 95--95
[]\T1/lmtt/m/n/10 $ urls_expanded_url       <list> ["https://twitter.com/B38Ate
2022/stat...[] 
 []


Overfull \hbox (75.95901pt too wide) in paragraph at lines 95--95
[]\T1/lmtt/m/n/10 $ media_url               <list> ["http://pbs.twimg.com/media
/EL8KTF2X...[] 
 []


Overfull \hbox (75.95901pt too wide) in paragraph at lines 95--95
[]\T1/lmtt/m/n/10 $ media_t.co              <list> ["https://t.co/bkDVvPrWHo", 
NA, NA, N...[] 
 []


Overfull \hbox (75.95901pt too wide) in paragraph at lines 95--95
[]\T1/lmtt/m/n/10 $ media_expanded_url      <list> ["https://twitter.com/Robson
Queirz1/s...[] 
 []


Overfull \hbox (75.95901pt too wide) in paragraph at lines 95--95
[]\T1/lmtt/m/n/10 $ media_type              <list> ["photo", NA, NA, NA, NA, NA
, NA, NA,...[] 
 []


Overfull \hbox (75.95901pt too wide) in paragraph at lines 95--95
[]\T1/lmtt/m/n/10 $ ext_media_url           <list> [<"http://pbs.twimg.com/medi
a/EL8KTF2...[] 
 []


Overfull \hbox (75.95901pt too wide) in paragraph at lines 95--95
[]\T1/lmtt/m/n/10 $ ext_media_t.co          <list> [<"https://t.co/bkDVvPrWHo",
 "https:/...[] 
 []


Overfull \hbox (75.95901pt too wide) in paragraph at lines 95--95
[]\T1/lmtt/m/n/10 $ ext_media_expanded_url  <list> [<"https://twitter.com/Robso
nQueirz1/...[] 
 []


Overfull \hbox (75.95901pt too wide) in paragraph at lines 95--95
[]\T1/lmtt/m/n/10 $ ext_media_type          <chr> NA, NA, NA, NA, NA, NA, NA, N
A, NA, NA...[] 
 []


Overfull \hbox (75.95901pt too wide) in paragraph at lines 95--95
[]\T1/lmtt/m/n/10 $ mentions_user_id        <list> [NA, "43340387", NA, NA, NA,
 NA, <"11...[] 
 []


Overfull \hbox (75.95901pt too wide) in paragraph at lines 95--95
[]\T1/lmtt/m/n/10 $ mentions_screen_name    <list> [NA, "DCM_online", NA, NA, N
A, NA, <"...[] 
 []


Overfull \hbox (75.95901pt too wide) in paragraph at lines 95--95
[]\T1/lmtt/m/n/10 $ lang                    <chr> "pt", "pt", "pt", "pt", "pt",
 "und", "...[] 
 []


Overfull \hbox (75.95901pt too wide) in paragraph at lines 95--95
[]\T1/lmtt/m/n/10 $ quoted_status_id        <chr> "1206035899097726976", NA, NA
, NA, "12...[] 
 []


Overfull \hbox (75.95901pt too wide) in paragraph at lines 95--95
[]\T1/lmtt/m/n/10 $ quoted_text             <chr> "Voc votaria em quem em 2022
 ? \U0001...[] 
 []


Overfull \hbox (75.95901pt too wide) in paragraph at lines 95--95
[]\T1/lmtt/m/n/10 $ quoted_created_at       <dttm> 2019-12-15 02:19:00, NA, NA,
 NA, 2019...[] 
 []


Overfull \hbox (75.95901pt too wide) in paragraph at lines 95--95
[]\T1/lmtt/m/n/10 $ quoted_source           <chr> "Twitter for Android", NA, NA
, NA, "Tw...[] 
 []


Overfull \hbox (75.95901pt too wide) in paragraph at lines 95--95
[]\T1/lmtt/m/n/10 $ quoted_favorite_count   <int> 854, NA, NA, NA, 36167, NA, N
A, NA, NA...[] 
 []


Overfull \hbox (75.95901pt too wide) in paragraph at lines 95--95
[]\T1/lmtt/m/n/10 $ quoted_retweet_count    <int> 886, NA, NA, NA, 6643, NA, NA
, NA, NA,...[] 
 []


Overfull \hbox (75.95901pt too wide) in paragraph at lines 95--95
[]\T1/lmtt/m/n/10 $ quoted_user_id          <chr> "1204252321506611200", NA, NA
, NA, "29...[] 
 []


Overfull \hbox (75.95901pt too wide) in paragraph at lines 95--95
[]\T1/lmtt/m/n/10 $ quoted_screen_name      <chr> "B38Ate2022", NA, NA, NA, "CH
VRLY62i",...[] 
 []


Overfull \hbox (75.95901pt too wide) in paragraph at lines 95--95
[]\T1/lmtt/m/n/10 $ quoted_name             <chr> "BOLSONARO 2022 \U0001f1e7\U0
001f1f7",...[] 
 []


Overfull \hbox (75.95901pt too wide) in paragraph at lines 95--95
[]\T1/lmtt/m/n/10 $ quoted_followers_count  <int> 662, NA, NA, NA, 4965, NA, NA
, NA, NA,...[] 
 []


Overfull \hbox (75.95901pt too wide) in paragraph at lines 95--95
[]\T1/lmtt/m/n/10 $ quoted_friends_count    <int> 510, NA, NA, NA, 374, NA, NA,
 NA, NA, ...[] 
 []


Overfull \hbox (75.95901pt too wide) in paragraph at lines 95--95
[]\T1/lmtt/m/n/10 $ quoted_statuses_count   <int> 182, NA, NA, NA, 21452, NA, N
A, NA, NA...[] 
 []


Overfull \hbox (75.95901pt too wide) in paragraph at lines 95--95
[]\T1/lmtt/m/n/10 $ quoted_location         <chr> "", NA, NA, NA, "", NA, NA, N
A, NA, NA...[] 
 []


Overfull \hbox (75.95901pt too wide) in paragraph at lines 95--95
[]\T1/lmtt/m/n/10 $ quoted_description      <chr> "Sigam esse perfil e ativem a
s notific...[] 
 []


Overfull \hbox (75.95901pt too wide) in paragraph at lines 95--95
[]\T1/lmtt/m/n/10 $ quoted_verified         <lgl> FALSE, NA, NA, NA, FALSE, NA,
 NA, NA, ...[] 
 []


Overfull \hbox (75.95901pt too wide) in paragraph at lines 95--95
[]\T1/lmtt/m/n/10 $ retweet_status_id       <chr> NA, NA, NA, NA, NA, NA, NA, N
A, NA, NA...[] 
 []


Overfull \hbox (75.95901pt too wide) in paragraph at lines 95--95
[]\T1/lmtt/m/n/10 $ retweet_text            <chr> NA, NA, NA, NA, NA, NA, NA, N
A, NA, NA...[] 
 []


Overfull \hbox (75.95901pt too wide) in paragraph at lines 95--95
[]\T1/lmtt/m/n/10 $ retweet_created_at      <dttm> NA, NA, NA, NA, NA, NA, NA, 
NA, NA, N...[] 
 []


Overfull \hbox (75.95901pt too wide) in paragraph at lines 95--95
[]\T1/lmtt/m/n/10 $ retweet_source          <chr> NA, NA, NA, NA, NA, NA, NA, N
A, NA, NA...[] 
 []


Overfull \hbox (75.95901pt too wide) in paragraph at lines 95--95
[]\T1/lmtt/m/n/10 $ retweet_favorite_count  <int> NA, NA, NA, NA, NA, NA, NA, N
A, NA, NA...[] 
 []


Overfull \hbox (75.95901pt too wide) in paragraph at lines 95--95
[]\T1/lmtt/m/n/10 $ retweet_retweet_count   <int> NA, NA, NA, NA, NA, NA, NA, N
A, NA, NA...[] 
 []


Overfull \hbox (75.95901pt too wide) in paragraph at lines 95--95
[]\T1/lmtt/m/n/10 $ retweet_user_id         <chr> NA, NA, NA, NA, NA, NA, NA, N
A, NA, NA...[] 
 []


Overfull \hbox (75.95901pt too wide) in paragraph at lines 95--95
[]\T1/lmtt/m/n/10 $ retweet_screen_name     <chr> NA, NA, NA, NA, NA, NA, NA, N
A, NA, NA...[] 
 []


Overfull \hbox (75.95901pt too wide) in paragraph at lines 95--95
[]\T1/lmtt/m/n/10 $ retweet_name            <chr> NA, NA, NA, NA, NA, NA, NA, N
A, NA, NA...[] 
 []


Overfull \hbox (75.95901pt too wide) in paragraph at lines 95--95
[]\T1/lmtt/m/n/10 $ retweet_followers_count <int> NA, NA, NA, NA, NA, NA, NA, N
A, NA, NA...[] 
 []


Overfull \hbox (75.95901pt too wide) in paragraph at lines 95--95
[]\T1/lmtt/m/n/10 $ retweet_friends_count   <int> NA, NA, NA, NA, NA, NA, NA, N
A, NA, NA...[] 
 []


Overfull \hbox (75.95901pt too wide) in paragraph at lines 95--95
[]\T1/lmtt/m/n/10 $ retweet_statuses_count  <int> NA, NA, NA, NA, NA, NA, NA, N
A, NA, NA...[] 
 []


Overfull \hbox (75.95901pt too wide) in paragraph at lines 95--95
[]\T1/lmtt/m/n/10 $ retweet_location        <chr> NA, NA, NA, NA, NA, NA, NA, N
A, NA, NA...[] 
 []


Overfull \hbox (75.95901pt too wide) in paragraph at lines 95--95
[]\T1/lmtt/m/n/10 $ retweet_description     <chr> NA, NA, NA, NA, NA, NA, NA, N
A, NA, NA...[] 
 []


Overfull \hbox (75.95901pt too wide) in paragraph at lines 95--95
[]\T1/lmtt/m/n/10 $ retweet_verified        <lgl> NA, NA, NA, NA, NA, NA, NA, N
A, NA, NA...[] 
 []


Overfull \hbox (75.95901pt too wide) in paragraph at lines 95--95
[]\T1/lmtt/m/n/10 $ place_url               <chr> NA, NA, NA, NA, NA, "https://
api.twitt...[] 
 []


Overfull \hbox (75.95901pt too wide) in paragraph at lines 95--95
[]\T1/lmtt/m/n/10 $ place_name              <chr> NA, NA, NA, NA, NA, "Campo Gr
ande", NA...[] 
 []


Overfull \hbox (75.95901pt too wide) in paragraph at lines 95--95
[]\T1/lmtt/m/n/10 $ place_full_name         <chr> NA, NA, NA, NA, NA, "Campo Gr
ande, Bra...[] 
 []


Overfull \hbox (75.95901pt too wide) in paragraph at lines 95--95
[]\T1/lmtt/m/n/10 $ place_type              <chr> NA, NA, NA, NA, NA, "city", N
A, NA, NA...[] 
 []


Overfull \hbox (75.95901pt too wide) in paragraph at lines 95--95
[]\T1/lmtt/m/n/10 $ country                 <chr> NA, NA, NA, NA, NA, "Brazil",
 NA, NA, ...[] 
 []


Overfull \hbox (75.95901pt too wide) in paragraph at lines 95--95
[]\T1/lmtt/m/n/10 $ country_code            <chr> NA, NA, NA, NA, NA, "BR", NA,
 NA, NA, ...[] 
 []


Overfull \hbox (75.95901pt too wide) in paragraph at lines 95--95
[]\T1/lmtt/m/n/10 $ geo_coords              <list> [<NA, NA>, <NA, NA>, <NA, NA
>, <NA, N...[] 
 []


Overfull \hbox (75.95901pt too wide) in paragraph at lines 95--95
[]\T1/lmtt/m/n/10 $ coords_coords           <list> [<NA, NA>, <NA, NA>, <NA, NA
>, <NA, N...[] 
 []


Overfull \hbox (75.95901pt too wide) in paragraph at lines 95--95
[]\T1/lmtt/m/n/10 $ bbox_coords             <list> [<NA, NA, NA, NA, NA, NA, NA
, NA>, <N...[] 
 []


Overfull \hbox (75.95901pt too wide) in paragraph at lines 95--95
[]\T1/lmtt/m/n/10 $ status_url              <chr> "https://twitter.com/RobsonQu
eirz1/sta...[] 
 []


Overfull \hbox (75.95901pt too wide) in paragraph at lines 95--95
[]\T1/lmtt/m/n/10 $ name                    <chr> "MALMORO O DESTRUIDOR DE QUAD
RILHA(CON...[] 
 []


Overfull \hbox (75.95901pt too wide) in paragraph at lines 95--95
[]\T1/lmtt/m/n/10 $ location                <chr> "BELEM PA", "Itaja, Brasil",
 "Campina...[] 
 []


Overfull \hbox (75.95901pt too wide) in paragraph at lines 95--95
[]\T1/lmtt/m/n/10 $ description             <chr> "Olha me chamo Robson sou de 
BELEM-Pa ...[] 
 []


Overfull \hbox (75.95901pt too wide) in paragraph at lines 95--95
[]\T1/lmtt/m/n/10 $ url                     <chr> NA, NA, "https://t.co/XGp5qoj
NS3", NA,...[] 
 []


Overfull \hbox (75.95901pt too wide) in paragraph at lines 95--95
[]\T1/lmtt/m/n/10 $ protected               <lgl> FALSE, FALSE, FALSE, FALSE, F
ALSE, FAL...[] 
 []


Overfull \hbox (75.95901pt too wide) in paragraph at lines 95--95
[]\T1/lmtt/m/n/10 $ followers_count         <int> 2669, 73, 606, 134, 22, 499, 
111, 2584...[] 
 []


Overfull \hbox (75.95901pt too wide) in paragraph at lines 95--95
[]\T1/lmtt/m/n/10 $ friends_count           <int> 4706, 1013, 380, 97, 41, 2419
, 280, 33...[] 
 []


Overfull \hbox (75.95901pt too wide) in paragraph at lines 95--95
[]\T1/lmtt/m/n/10 $ listed_count            <int> 0, 0, 126, 1, 0, 0, 0, 0, 0, 
0, 0, 0, ...[] 
 []


Overfull \hbox (75.95901pt too wide) in paragraph at lines 95--95
[]\T1/lmtt/m/n/10 $ statuses_count          <int> 2354, 1292, 29363, 5675, 2434
, 5381, 8...[] 
 []


Overfull \hbox (75.95901pt too wide) in paragraph at lines 95--95
[]\T1/lmtt/m/n/10 $ favourites_count        <int> 2127, 12710, 40230, 4, 5376, 
528, 4470...[] 
 []


Overfull \hbox (75.95901pt too wide) in paragraph at lines 95--95
[]\T1/lmtt/m/n/10 $ account_created_at      <dttm> 2019-09-27 02:00:50, 2014-04
-01 00:33...[] 
 []


Overfull \hbox (75.95901pt too wide) in paragraph at lines 95--95
[]\T1/lmtt/m/n/10 $ verified                <lgl> FALSE, FALSE, FALSE, FALSE, F
ALSE, FAL...[] 
 []


Overfull \hbox (75.95901pt too wide) in paragraph at lines 95--95
[]\T1/lmtt/m/n/10 $ profile_url             <chr> NA, NA, "https://t.co/XGp5qoj
NS3", NA,...[] 
 []


Overfull \hbox (75.95901pt too wide) in paragraph at lines 95--95
[]\T1/lmtt/m/n/10 $ profile_expanded_url    <chr> NA, NA, "http://www.instagram
.com/luis...[] 
 []


Overfull \hbox (75.95901pt too wide) in paragraph at lines 95--95
[]\T1/lmtt/m/n/10 $ account_lang            <lgl> NA, NA, NA, NA, NA, NA, NA, N
A, NA, NA...[] 
 []


Overfull \hbox (75.95901pt too wide) in paragraph at lines 95--95
[]\T1/lmtt/m/n/10 $ profile_banner_url      <chr> "https://pbs.twimg.com/profil
e_banners...[] 
 []


Overfull \hbox (75.95901pt too wide) in paragraph at lines 95--95
[]\T1/lmtt/m/n/10 $ profile_background_url  <chr> NA, "http://abs.twimg.com/ima
ges/theme...[] 
 []


Overfull \hbox (75.95901pt too wide) in paragraph at lines 95--95
[]\T1/lmtt/m/n/10 $ profile_image_url       <chr> "http://pbs.twimg.com/profile
_images/1...[] 
 []

)
Overfull \vbox (1023.26233pt too high) detected at line 402
 []

[8

]
\openout4 = `02_Apis_twitter_apresentacao.vrb'.

(02_Apis_twitter_apresentacao.vrb
Overfull \hbox (96.95895pt too wide) in paragraph at lines 16--16
[]\T1/lmtt/m/n/10 [1] "@marcielivxx @moura_101 Ta, mas o que Bolsonaro tem a ve
r com agresso?"[] 
 []

) [9

]
\openout4 = `02_Apis_twitter_apresentacao.vrb'.

(02_Apis_twitter_apresentacao.vrb) [10

]
\openout4 = `02_Apis_twitter_apresentacao.vrb'.

(02_Apis_twitter_apresentacao.vrb) [11

]
\openout4 = `02_Apis_twitter_apresentacao.vrb'.

(02_Apis_twitter_apresentacao.vrb) [12

]
\openout4 = `02_Apis_twitter_apresentacao.vrb'.

(02_Apis_twitter_apresentacao.vrb
Overfull \hbox (1120.70598pt too wide) in paragraph at lines 13--13
[]\T1/lmtt/m/n/10 [1] "A convite da comunidade evanglica dirigida pelo pastor 
Benedito e missionria Valdenuza, participamos do Culto Especial em homenagem a
o dia internacional das mulheres, realizado na Assemblia de Deus, CIADSETA-PA/
MT, em Floresta do Araguaia. https://t.co/HAPvVc3gBp"[] 
 []

) [13

]
\openout4 = `02_Apis_twitter_apresentacao.vrb'.

(02_Apis_twitter_apresentacao.vrb) [14

]
\openout4 = `02_Apis_twitter_apresentacao.vrb'.

(02_Apis_twitter_apresentacao.vrb) [15

]
LaTeX Font Info:    External font `lmex10' loaded for size
(Font)              <10> on input line 527.
LaTeX Font Info:    External font `lmex10' loaded for size
(Font)              <7> on input line 527.
LaTeX Font Info:    Font shape `T1/lmss/m/it' in size <10> not available
(Font)              Font shape `T1/lmss/m/sl' tried instead on input line 527.
LaTeX Font Info:    Font shape `T1/lmss/m/it' in size <7> not available
(Font)              Font shape `T1/lmss/m/sl' tried instead on input line 527.
[16

]
\openout4 = `02_Apis_twitter_apresentacao.vrb'.

(02_Apis_twitter_apresentacao.vrb) [17

]
\openout4 = `02_Apis_twitter_apresentacao.vrb'.

(02_Apis_twitter_apresentacao.vrb
Overfull \hbox (23.45917pt too wide) in paragraph at lines 12--12
[]      \T1/lmtt/m/n/10 bordalopt CaveiraDelegado     CileneCouto DepAlexSantia
go[] 
 []


Overfull \hbox (23.45917pt too wide) in paragraph at lines 12--12
[]           \T1/lmtt/m/n/10 2926              21            1717              
 2[] 
 []


Overfull \hbox (23.45917pt too wide) in paragraph at lines 12--12
[]     \T1/lmtt/m/n/10 depcarmona      deprsantos  deputadothiago  dilvandafaro
PT[] 
 []


Overfull \hbox (23.45917pt too wide) in paragraph at lines 12--12
[]           \T1/lmtt/m/n/10 1003            1426              80             3
08[] 
 []


Overfull \hbox (23.45917pt too wide) in paragraph at lines 12--12
[] \T1/lmtt/m/n/10 DirceuTenCaten  doutordanielpa        drjaques ElielFaustino
10[] 
 []


Overfull \hbox (23.45917pt too wide) in paragraph at lines 12--12
[]           \T1/lmtt/m/n/10 2442             125             685            19
60[] 
 []

) [18

]
\openout4 = `02_Apis_twitter_apresentacao.vrb'.

(02_Apis_twitter_apresentacao.vrb) [19

]
\openout4 = `02_Apis_twitter_apresentacao.vrb'.

(02_Apis_twitter_apresentacao.vrb) [20

]
\openout4 = `02_Apis_twitter_apresentacao.vrb'.

(02_Apis_twitter_apresentacao.vrb) [21

]
<02_Apis_twitter_apresentacao_files/figure-beamer/unnamed-chunk-20-1.pdf, id=18
1, 722.7pt x 505.89pt>
File: 02_Apis_twitter_apresentacao_files/figure-beamer/unnamed-chunk-20-1.pdf G
raphic file (type pdf)
<use 02_Apis_twitter_apresentacao_files/figure-beamer/unnamed-chunk-20-1.pdf>
Package pdftex.def Info: 02_Apis_twitter_apresentacao_files/figure-beamer/unnam
ed-chunk-20-1.pdf  used on input line 624.
(pdftex.def)             Requested size: 307.2923pt x 215.1046pt.
[22

 <./02_Apis_twitter_apresentacao_files/figure-beamer/unnamed-chunk-20-1.pdf>]
\openout4 = `02_Apis_twitter_apresentacao.vrb'.

(02_Apis_twitter_apresentacao.vrb)
Overfull \vbox (33.39641pt too high) detected at line 652
 []

[23

]
<02_Apis_twitter_apresentacao_files/figure-beamer/unnamed-chunk-22-1.pdf, id=19
8, 722.7pt x 505.89pt>
File: 02_Apis_twitter_apresentacao_files/figure-beamer/unnamed-chunk-22-1.pdf G
raphic file (type pdf)
<use 02_Apis_twitter_apresentacao_files/figure-beamer/unnamed-chunk-22-1.pdf>
Package pdftex.def Info: 02_Apis_twitter_apresentacao_files/figure-beamer/unnam
ed-chunk-22-1.pdf  used on input line 658.
(pdftex.def)             Requested size: 307.2923pt x 215.1046pt.
[24

 <./02_Apis_twitter_apresentacao_files/figure-beamer/unnamed-chunk-22-1.pdf>]
\openout4 = `02_Apis_twitter_apresentacao.vrb'.

(02_Apis_twitter_apresentacao.vrb) [25

]
\openout4 = `02_Apis_twitter_apresentacao.vrb'.

(02_Apis_twitter_apresentacao.vrb) [26

]
<02_Apis_twitter_apresentacao_files/figure-beamer/unnamed-chunk-25-1.pdf, id=22
2, 722.7pt x 505.89pt>
File: 02_Apis_twitter_apresentacao_files/figure-beamer/unnamed-chunk-25-1.pdf G
raphic file (type pdf)
<use 02_Apis_twitter_apresentacao_files/figure-beamer/unnamed-chunk-25-1.pdf>
Package pdftex.def Info: 02_Apis_twitter_apresentacao_files/figure-beamer/unnam
ed-chunk-25-1.pdf  used on input line 698.
(pdftex.def)             Requested size: 307.2923pt x 215.1046pt.
[27

 <./02_Apis_twitter_apresentacao_files/figure-beamer/unnamed-chunk-25-1.pdf>]
\openout4 = `02_Apis_twitter_apresentacao.vrb'.

(02_Apis_twitter_apresentacao.vrb) [28

]
\openout4 = `02_Apis_twitter_apresentacao.vrb'.

(02_Apis_twitter_apresentacao.vrb
LaTeX Font Info:    Try loading font information for TS1+lmtt on input line 5.
("C:\Program Files\MiKTeX 2.9\tex/latex/lm\ts1lmtt.fd"
File: ts1lmtt.fd 2009/10/30 v1.6 Font defs for Latin Modern
)) [29

]
\openout4 = `02_Apis_twitter_apresentacao.vrb'.

(02_Apis_twitter_apresentacao.vrb
Overfull \hbox (44.4591pt too wide) in paragraph at lines 8--8
[]     \T1/lmtt/m/n/10 Highest Prob: estado, par, hoje, bote, reunio, alepa, 
sesso[] 
 []


Overfull \hbox (81.209pt too wide) in paragraph at lines 8--8
[]     \T1/lmtt/m/n/10 FREX: bote, reunio, mandato, marab, legislativa, comis
so, paraense[] 
 []


Overfull \hbox (222.95859pt too wide) in paragraph at lines 8--8
[]     \T1/lmtt/m/n/10 Lift: eldorado, reunimos, trabalhos, visitando, #13podca
st, #14desetembro, #2017oanodasuavitria[] 
 []


Overfull \hbox (70.70903pt too wide) in paragraph at lines 8--8
[]     \T1/lmtt/m/n/10 Score: bote, reunio, sesso, marab, legislativa, alepa
, municpio[] 
 []

) [30

]
\openout4 = `02_Apis_twitter_apresentacao.vrb'.

(02_Apis_twitter_apresentacao.vrb
Overfull \hbox (28.70915pt too wide) in paragraph at lines 8--8
[]     \T1/lmtt/m/n/10 Highest Prob: lula, marinor, ser, brasil, vai, temer, ag
ora[] 
 []


Overfull \hbox (138.95883pt too wide) in paragraph at lines 8--8
[]     \T1/lmtt/m/n/10 Lift: #14j, #1deabril, #30m, #asemana, #bolsonaro, #bols
onaroday, #boulosnaglobo[] 
 []

) [31

]
\openout4 = `02_Apis_twitter_apresentacao.vrb'.

(02_Apis_twitter_apresentacao.vrb
Overfull \hbox (65.45905pt too wide) in paragraph at lines 8--8
[]     \T1/lmtt/m/n/10 Highest Prob: par, belm, projeto, nova, foto, trabalho
, facebook[] 
 []


Overfull \hbox (39.20912pt too wide) in paragraph at lines 8--8
[]     \T1/lmtt/m/n/10 FREX: belm, projeto, nova, foto, facebook, publiquei, f
rente[] 
 []


Overfull \hbox (102.20894pt too wide) in paragraph at lines 8--8
[]     \T1/lmtt/m/n/10 Lift: #elenunca, #souhumana, #souhumano, agresses, atua
r, banhada, banho[] 
 []


Overfull \hbox (54.95908pt too wide) in paragraph at lines 8--8
[]     \T1/lmtt/m/n/10 Score: facebook, publiquei, foto, projeto, publicar, bel
m, par[] 
 []

) [32

]
<02_Apis_twitter_apresentacao_files/figure-beamer/unnamed-chunk-30-1.pdf, id=26
2, 722.7pt x 505.89pt>
File: 02_Apis_twitter_apresentacao_files/figure-beamer/unnamed-chunk-30-1.pdf G
raphic file (type pdf)
<use 02_Apis_twitter_apresentacao_files/figure-beamer/unnamed-chunk-30-1.pdf>
Package pdftex.def Info: 02_Apis_twitter_apresentacao_files/figure-beamer/unnam
ed-chunk-30-1.pdf  used on input line 777.
(pdftex.def)             Requested size: 307.2923pt x 215.1046pt.
[33

 <./02_Apis_twitter_apresentacao_files/figure-beamer/unnamed-chunk-30-1.pdf>] [
34

]
\tf@nav=\write7
\openout7 = `02_Apis_twitter_apresentacao.nav'.

\tf@toc=\write8
\openout8 = `02_Apis_twitter_apresentacao.toc'.

\tf@snm=\write9
\openout9 = `02_Apis_twitter_apresentacao.snm'.

Package atveryend Info: Empty hook `BeforeClearDocument' on input line 792.
Package atveryend Info: Empty hook `AfterLastShipout' on input line 792.
(02_Apis_twitter_apresentacao.aux)
Package atveryend Info: Executing hook `AtVeryEndDocument' on input line 792.
Package atveryend Info: Executing hook `AtEndAfterFileList' on input line 792.
Package rerunfilecheck Info: File `02_Apis_twitter_apresentacao.out' has not ch
anged.
(rerunfilecheck)             Checksum: E6BEF2226C37F42F7C966063383995F3;285.
 ) 
Here is how much of TeX's memory you used:
 37592 strings out of 492895
 721255 string characters out of 3133453
 811118 words of memory out of 3000000
 40727 multiletter control sequences out of 15000+200000
 597452 words of font info for 86 fonts, out of 3000000 for 9000
 1141 hyphenation exceptions out of 8191
 71i,13n,95p,1831b,733s stack positions out of 5000i,500n,10000p,200000b,50000s
{C:/Program Files/MiKTeX 2.9/fonts/enc/dvips/lm/lm-ts1.enc}{C:/Program Files/
MiKTeX 2.9/fonts/enc/dvips/lm/lm-ec.enc}<C:/Program Files/MiKTeX 2.9/fonts/type
1/public/lm/lmss10.pfb><C:/Program Files/MiKTeX 2.9/fonts/type1/public/lm/lmss1
2.pfb><C:/Program Files/MiKTeX 2.9/fonts/type1/public/lm/lmss8.pfb><C:/Program 
Files/MiKTeX 2.9/fonts/type1/public/lm/lmss9.pfb><C:/Program Files/MiKTeX 2.9/f
onts/type1/public/lm/lmssbx10.pfb><C:/Program Files/MiKTeX 2.9/fonts/type1/publ
ic/lm/lmtt10.pfb>
Output written on 02_Apis_twitter_apresentacao.pdf (34 pages, 232262 bytes).
PDF statistics:
 328 PDF objects out of 1000 (max. 8388607)
 92 named destinations out of 1000 (max. 500000)
 14503 words of extra memory for PDF output out of 17280 (max. 10000000)

